CRITICAL - 2022-01-06 03:20:11 --> Invalid file: bcakend/dashboard.php
#0 C:\xampp\htdocs\codeIgniter_4\ci_4vbn_1\system\View\View.php(198): CodeIgniter\Exceptions\FrameworkException::forInvalidFile('bcakend/dashboa...')
#1 C:\xampp\htdocs\codeIgniter_4\ci_4vbn_1\system\Common.php(1089): CodeIgniter\View\View->render('bcakend/dashboa...', Array, true)
#2 C:\xampp\htdocs\codeIgniter_4\ci_4vbn_1\app\Controllers\Admin.php(9): view('bcakend/dashboa...')
#3 C:\xampp\htdocs\codeIgniter_4\ci_4vbn_1\system\CodeIgniter.php(825): App\Controllers\Admin->index()
#4 C:\xampp\htdocs\codeIgniter_4\ci_4vbn_1\system\CodeIgniter.php(412): CodeIgniter\CodeIgniter->runController(Object(App\Controllers\Admin))
#5 C:\xampp\htdocs\codeIgniter_4\ci_4vbn_1\system\CodeIgniter.php(320): CodeIgniter\CodeIgniter->handleRequest(NULL, Object(Config\Cache), false)
#6 C:\xampp\htdocs\codeIgniter_4\ci_4vbn_1\public\index.php(37): CodeIgniter\CodeIgniter->run()
#7 C:\xampp\htdocs\codeIgniter_4\ci_4vbn_1\system\Commands\Server\rewrite.php(43): require_once('C:\\xampp\\htdocs...')
#8 {main}
CRITICAL - 2022-01-06 03:32:29 --> Invalid file: backend/layouts/dashboard.php
#0 C:\xampp\htdocs\codeIgniter_4\ci_4vbn_1\system\View\View.php(198): CodeIgniter\Exceptions\FrameworkException::forInvalidFile('backend/layouts...')
#1 C:\xampp\htdocs\codeIgniter_4\ci_4vbn_1\system\Common.php(1089): CodeIgniter\View\View->render('backend/layouts...', Array, true)
#2 C:\xampp\htdocs\codeIgniter_4\ci_4vbn_1\app\Controllers\Admin.php(8): view('backend/layouts...')
#3 C:\xampp\htdocs\codeIgniter_4\ci_4vbn_1\app\Controllers\Admin.php(14): App\Controllers\Admin->header()
#4 C:\xampp\htdocs\codeIgniter_4\ci_4vbn_1\system\CodeIgniter.php(825): App\Controllers\Admin->index()
#5 C:\xampp\htdocs\codeIgniter_4\ci_4vbn_1\system\CodeIgniter.php(412): CodeIgniter\CodeIgniter->runController(Object(App\Controllers\Admin))
#6 C:\xampp\htdocs\codeIgniter_4\ci_4vbn_1\system\CodeIgniter.php(320): CodeIgniter\CodeIgniter->handleRequest(NULL, Object(Config\Cache), false)
#7 C:\xampp\htdocs\codeIgniter_4\ci_4vbn_1\public\index.php(37): CodeIgniter\CodeIgniter->run()
#8 C:\xampp\htdocs\codeIgniter_4\ci_4vbn_1\system\Commands\Server\rewrite.php(43): require_once('C:\\xampp\\htdocs...')
#9 {main}
CRITICAL - 2022-01-06 03:43:36 --> syntax error, unexpected end of file, expecting function (T_FUNCTION) or const (T_CONST)
#0 C:\xampp\htdocs\codeIgniter_4\ci_4vbn_1\system\Autoloader\Autoloader.php(241): CodeIgniter\Autoloader\Autoloader->includeFile('C:\\xampp\\htdocs...')
#1 C:\xampp\htdocs\codeIgniter_4\ci_4vbn_1\system\Autoloader\Autoloader.php(219): CodeIgniter\Autoloader\Autoloader->loadInNamespace('App\\Controllers...')
#2 [internal function]: CodeIgniter\Autoloader\Autoloader->loadClass('App\\Controllers...')
#3 [internal function]: spl_autoload_call('App\\Controllers...')
#4 C:\xampp\htdocs\codeIgniter_4\ci_4vbn_1\system\CodeIgniter.php(790): class_exists('\\App\\Controller...', true)
#5 C:\xampp\htdocs\codeIgniter_4\ci_4vbn_1\system\CodeIgniter.php(399): CodeIgniter\CodeIgniter->startController()
#6 C:\xampp\htdocs\codeIgniter_4\ci_4vbn_1\system\CodeIgniter.php(320): CodeIgniter\CodeIgniter->handleRequest(NULL, Object(Config\Cache), false)
#7 C:\xampp\htdocs\codeIgniter_4\ci_4vbn_1\public\index.php(37): CodeIgniter\CodeIgniter->run()
#8 C:\xampp\htdocs\codeIgniter_4\ci_4vbn_1\system\Commands\Server\rewrite.php(43): require_once('C:\\xampp\\htdocs...')
#9 {main}
CRITICAL - 2022-01-06 03:44:32 --> Use of undefined constant URLROOT - assumed 'URLROOT' (this will throw an Error in a future version of PHP)
#0 C:\xampp\htdocs\codeIgniter_4\ci_4vbn_1\app\Views\backend\layouts\sidebar.php(48): CodeIgniter\Debug\Exceptions->errorHandler(2, 'Use of undefine...', 'C:\\xampp\\htdocs...', 48, Array)
#1 C:\xampp\htdocs\codeIgniter_4\ci_4vbn_1\system\View\View.php(210): include('C:\\xampp\\htdocs...')
#2 C:\xampp\htdocs\codeIgniter_4\ci_4vbn_1\system\View\View.php(213): CodeIgniter\View\View->CodeIgniter\View\{closure}()
#3 C:\xampp\htdocs\codeIgniter_4\ci_4vbn_1\system\Common.php(1089): CodeIgniter\View\View->render('backend/layouts...', Array, true)
#4 C:\xampp\htdocs\codeIgniter_4\ci_4vbn_1\app\Controllers\Admin.php(11): view('backend/layouts...')
#5 C:\xampp\htdocs\codeIgniter_4\ci_4vbn_1\app\Controllers\Admin.php(20): App\Controllers\Admin->sidebar()
#6 C:\xampp\htdocs\codeIgniter_4\ci_4vbn_1\system\CodeIgniter.php(825): App\Controllers\Admin->index()
#7 C:\xampp\htdocs\codeIgniter_4\ci_4vbn_1\system\CodeIgniter.php(412): CodeIgniter\CodeIgniter->runController(Object(App\Controllers\Admin))
#8 C:\xampp\htdocs\codeIgniter_4\ci_4vbn_1\system\CodeIgniter.php(320): CodeIgniter\CodeIgniter->handleRequest(NULL, Object(Config\Cache), false)
#9 C:\xampp\htdocs\codeIgniter_4\ci_4vbn_1\public\index.php(37): CodeIgniter\CodeIgniter->run()
#10 C:\xampp\htdocs\codeIgniter_4\ci_4vbn_1\system\Commands\Server\rewrite.php(43): require_once('C:\\xampp\\htdocs...')
#11 {main}
CRITICAL - 2022-01-06 03:44:50 --> Use of undefined constant URLROOT - assumed 'URLROOT' (this will throw an Error in a future version of PHP)
#0 C:\xampp\htdocs\codeIgniter_4\ci_4vbn_1\app\Views\backend\layouts\sidebar.php(48): CodeIgniter\Debug\Exceptions->errorHandler(2, 'Use of undefine...', 'C:\\xampp\\htdocs...', 48, Array)
#1 C:\xampp\htdocs\codeIgniter_4\ci_4vbn_1\system\View\View.php(210): include('C:\\xampp\\htdocs...')
#2 C:\xampp\htdocs\codeIgniter_4\ci_4vbn_1\system\View\View.php(213): CodeIgniter\View\View->CodeIgniter\View\{closure}()
#3 C:\xampp\htdocs\codeIgniter_4\ci_4vbn_1\system\Common.php(1089): CodeIgniter\View\View->render('backend/layouts...', Array, true)
#4 C:\xampp\htdocs\codeIgniter_4\ci_4vbn_1\app\Controllers\Admin.php(11): view('backend/layouts...')
#5 C:\xampp\htdocs\codeIgniter_4\ci_4vbn_1\app\Controllers\Admin.php(20): App\Controllers\Admin->sidebar()
#6 C:\xampp\htdocs\codeIgniter_4\ci_4vbn_1\system\CodeIgniter.php(825): App\Controllers\Admin->index()
#7 C:\xampp\htdocs\codeIgniter_4\ci_4vbn_1\system\CodeIgniter.php(412): CodeIgniter\CodeIgniter->runController(Object(App\Controllers\Admin))
#8 C:\xampp\htdocs\codeIgniter_4\ci_4vbn_1\system\CodeIgniter.php(320): CodeIgniter\CodeIgniter->handleRequest(NULL, Object(Config\Cache), false)
#9 C:\xampp\htdocs\codeIgniter_4\ci_4vbn_1\public\index.php(37): CodeIgniter\CodeIgniter->run()
#10 C:\xampp\htdocs\codeIgniter_4\ci_4vbn_1\system\Commands\Server\rewrite.php(43): require_once('C:\\xampp\\htdocs...')
#11 {main}
CRITICAL - 2022-01-06 03:50:16 --> Use of undefined constant URLROOT - assumed 'URLROOT' (this will throw an Error in a future version of PHP)
#0 C:\xampp\htdocs\codeIgniter_4\ci_4vbn_1\app\Views\backend\layouts\sidebar.php(48): CodeIgniter\Debug\Exceptions->errorHandler(2, 'Use of undefine...', 'C:\\xampp\\htdocs...', 48, Array)
#1 C:\xampp\htdocs\codeIgniter_4\ci_4vbn_1\system\View\View.php(210): include('C:\\xampp\\htdocs...')
#2 C:\xampp\htdocs\codeIgniter_4\ci_4vbn_1\system\View\View.php(213): CodeIgniter\View\View->CodeIgniter\View\{closure}()
#3 C:\xampp\htdocs\codeIgniter_4\ci_4vbn_1\system\Common.php(1089): CodeIgniter\View\View->render('backend/layouts...', Array, true)
#4 C:\xampp\htdocs\codeIgniter_4\ci_4vbn_1\app\Controllers\Admin.php(11): view('backend/layouts...')
#5 C:\xampp\htdocs\codeIgniter_4\ci_4vbn_1\app\Controllers\Admin.php(20): App\Controllers\Admin->sidebar()
#6 C:\xampp\htdocs\codeIgniter_4\ci_4vbn_1\system\CodeIgniter.php(825): App\Controllers\Admin->index()
#7 C:\xampp\htdocs\codeIgniter_4\ci_4vbn_1\system\CodeIgniter.php(412): CodeIgniter\CodeIgniter->runController(Object(App\Controllers\Admin))
#8 C:\xampp\htdocs\codeIgniter_4\ci_4vbn_1\system\CodeIgniter.php(320): CodeIgniter\CodeIgniter->handleRequest(NULL, Object(Config\Cache), false)
#9 C:\xampp\htdocs\codeIgniter_4\ci_4vbn_1\public\index.php(37): CodeIgniter\CodeIgniter->run()
#10 C:\xampp\htdocs\codeIgniter_4\ci_4vbn_1\system\Commands\Server\rewrite.php(43): require_once('C:\\xampp\\htdocs...')
#11 {main}
CRITICAL - 2022-01-06 03:50:38 --> Use of undefined constant URLROOT - assumed 'URLROOT' (this will throw an Error in a future version of PHP)
#0 C:\xampp\htdocs\codeIgniter_4\ci_4vbn_1\app\Views\backend\layouts\sidebar.php(48): CodeIgniter\Debug\Exceptions->errorHandler(2, 'Use of undefine...', 'C:\\xampp\\htdocs...', 48, Array)
#1 C:\xampp\htdocs\codeIgniter_4\ci_4vbn_1\system\View\View.php(210): include('C:\\xampp\\htdocs...')
#2 C:\xampp\htdocs\codeIgniter_4\ci_4vbn_1\system\View\View.php(213): CodeIgniter\View\View->CodeIgniter\View\{closure}()
#3 C:\xampp\htdocs\codeIgniter_4\ci_4vbn_1\system\Common.php(1089): CodeIgniter\View\View->render('backend/layouts...', Array, true)
#4 C:\xampp\htdocs\codeIgniter_4\ci_4vbn_1\app\Controllers\Admin.php(11): view('backend/layouts...')
#5 C:\xampp\htdocs\codeIgniter_4\ci_4vbn_1\app\Controllers\Admin.php(20): App\Controllers\Admin->sidebar()
#6 C:\xampp\htdocs\codeIgniter_4\ci_4vbn_1\system\CodeIgniter.php(825): App\Controllers\Admin->index()
#7 C:\xampp\htdocs\codeIgniter_4\ci_4vbn_1\system\CodeIgniter.php(412): CodeIgniter\CodeIgniter->runController(Object(App\Controllers\Admin))
#8 C:\xampp\htdocs\codeIgniter_4\ci_4vbn_1\system\CodeIgniter.php(320): CodeIgniter\CodeIgniter->handleRequest(NULL, Object(Config\Cache), false)
#9 C:\xampp\htdocs\codeIgniter_4\ci_4vbn_1\public\index.php(37): CodeIgniter\CodeIgniter->run()
#10 C:\xampp\htdocs\codeIgniter_4\ci_4vbn_1\system\Commands\Server\rewrite.php(43): require_once('C:\\xampp\\htdocs...')
#11 {main}
CRITICAL - 2022-01-06 03:52:23 --> Use of undefined constant URLROOT - assumed 'URLROOT' (this will throw an Error in a future version of PHP)
#0 C:\xampp\htdocs\codeIgniter_4\ci_4vbn_1\app\Views\backend\layouts\sidebar.php(48): CodeIgniter\Debug\Exceptions->errorHandler(2, 'Use of undefine...', 'C:\\xampp\\htdocs...', 48, Array)
#1 C:\xampp\htdocs\codeIgniter_4\ci_4vbn_1\system\View\View.php(210): include('C:\\xampp\\htdocs...')
#2 C:\xampp\htdocs\codeIgniter_4\ci_4vbn_1\system\View\View.php(213): CodeIgniter\View\View->CodeIgniter\View\{closure}()
#3 C:\xampp\htdocs\codeIgniter_4\ci_4vbn_1\system\Common.php(1089): CodeIgniter\View\View->render('backend/layouts...', Array, true)
#4 C:\xampp\htdocs\codeIgniter_4\ci_4vbn_1\app\Controllers\Admin.php(11): view('backend/layouts...')
#5 C:\xampp\htdocs\codeIgniter_4\ci_4vbn_1\app\Controllers\Admin.php(20): App\Controllers\Admin->sidebar()
#6 C:\xampp\htdocs\codeIgniter_4\ci_4vbn_1\system\CodeIgniter.php(825): App\Controllers\Admin->index()
#7 C:\xampp\htdocs\codeIgniter_4\ci_4vbn_1\system\CodeIgniter.php(412): CodeIgniter\CodeIgniter->runController(Object(App\Controllers\Admin))
#8 C:\xampp\htdocs\codeIgniter_4\ci_4vbn_1\system\CodeIgniter.php(320): CodeIgniter\CodeIgniter->handleRequest(NULL, Object(Config\Cache), false)
#9 C:\xampp\htdocs\codeIgniter_4\ci_4vbn_1\public\index.php(37): CodeIgniter\CodeIgniter->run()
#10 C:\xampp\htdocs\codeIgniter_4\ci_4vbn_1\system\Commands\Server\rewrite.php(43): require_once('C:\\xampp\\htdocs...')
#11 {main}
CRITICAL - 2022-01-06 03:52:41 --> Use of undefined constant URLROOT - assumed 'URLROOT' (this will throw an Error in a future version of PHP)
#0 C:\xampp\htdocs\codeIgniter_4\ci_4vbn_1\app\Views\backend\layouts\sidebar.php(48): CodeIgniter\Debug\Exceptions->errorHandler(2, 'Use of undefine...', 'C:\\xampp\\htdocs...', 48, Array)
#1 C:\xampp\htdocs\codeIgniter_4\ci_4vbn_1\system\View\View.php(210): include('C:\\xampp\\htdocs...')
#2 C:\xampp\htdocs\codeIgniter_4\ci_4vbn_1\system\View\View.php(213): CodeIgniter\View\View->CodeIgniter\View\{closure}()
#3 C:\xampp\htdocs\codeIgniter_4\ci_4vbn_1\system\Common.php(1089): CodeIgniter\View\View->render('backend/layouts...', Array, true)
#4 C:\xampp\htdocs\codeIgniter_4\ci_4vbn_1\app\Controllers\Admin.php(11): view('backend/layouts...')
#5 C:\xampp\htdocs\codeIgniter_4\ci_4vbn_1\app\Controllers\Admin.php(20): App\Controllers\Admin->sidebar()
#6 C:\xampp\htdocs\codeIgniter_4\ci_4vbn_1\system\CodeIgniter.php(825): App\Controllers\Admin->index()
#7 C:\xampp\htdocs\codeIgniter_4\ci_4vbn_1\system\CodeIgniter.php(412): CodeIgniter\CodeIgniter->runController(Object(App\Controllers\Admin))
#8 C:\xampp\htdocs\codeIgniter_4\ci_4vbn_1\system\CodeIgniter.php(320): CodeIgniter\CodeIgniter->handleRequest(NULL, Object(Config\Cache), false)
#9 C:\xampp\htdocs\codeIgniter_4\ci_4vbn_1\public\index.php(37): CodeIgniter\CodeIgniter->run()
#10 C:\xampp\htdocs\codeIgniter_4\ci_4vbn_1\system\Commands\Server\rewrite.php(43): require_once('C:\\xampp\\htdocs...')
#11 {main}
CRITICAL - 2022-01-06 06:01:42 --> Use of undefined constant URLROOT - assumed 'URLROOT' (this will throw an Error in a future version of PHP)
#0 C:\xampp\htdocs\codeIgniter_4\ci_4vbn_1\app\Views\backend\layouts\sidebar.php(48): CodeIgniter\Debug\Exceptions->errorHandler(2, 'Use of undefine...', 'C:\\xampp\\htdocs...', 48, Array)
#1 C:\xampp\htdocs\codeIgniter_4\ci_4vbn_1\system\View\View.php(210): include('C:\\xampp\\htdocs...')
#2 C:\xampp\htdocs\codeIgniter_4\ci_4vbn_1\system\View\View.php(213): CodeIgniter\View\View->CodeIgniter\View\{closure}()
#3 C:\xampp\htdocs\codeIgniter_4\ci_4vbn_1\system\Common.php(1089): CodeIgniter\View\View->render('backend/layouts...', Array, true)
#4 C:\xampp\htdocs\codeIgniter_4\ci_4vbn_1\app\Controllers\Admin.php(11): view('backend/layouts...')
#5 C:\xampp\htdocs\codeIgniter_4\ci_4vbn_1\app\Controllers\Admin.php(20): App\Controllers\Admin->sidebar()
#6 C:\xampp\htdocs\codeIgniter_4\ci_4vbn_1\system\CodeIgniter.php(825): App\Controllers\Admin->index()
#7 C:\xampp\htdocs\codeIgniter_4\ci_4vbn_1\system\CodeIgniter.php(412): CodeIgniter\CodeIgniter->runController(Object(App\Controllers\Admin))
#8 C:\xampp\htdocs\codeIgniter_4\ci_4vbn_1\system\CodeIgniter.php(320): CodeIgniter\CodeIgniter->handleRequest(NULL, Object(Config\Cache), false)
#9 C:\xampp\htdocs\codeIgniter_4\ci_4vbn_1\public\index.php(37): CodeIgniter\CodeIgniter->run()
#10 C:\xampp\htdocs\codeIgniter_4\ci_4vbn_1\system\Commands\Server\rewrite.php(43): require_once('C:\\xampp\\htdocs...')
#11 {main}
CRITICAL - 2022-01-06 06:02:47 --> Use of undefined constant URLROOT - assumed 'URLROOT' (this will throw an Error in a future version of PHP)
#0 C:\xampp\htdocs\codeIgniter_4\ci_4vbn_1\app\Views\backend\layouts\sidebar.php(48): CodeIgniter\Debug\Exceptions->errorHandler(2, 'Use of undefine...', 'C:\\xampp\\htdocs...', 48, Array)
#1 C:\xampp\htdocs\codeIgniter_4\ci_4vbn_1\system\View\View.php(210): include('C:\\xampp\\htdocs...')
#2 C:\xampp\htdocs\codeIgniter_4\ci_4vbn_1\system\View\View.php(213): CodeIgniter\View\View->CodeIgniter\View\{closure}()
#3 C:\xampp\htdocs\codeIgniter_4\ci_4vbn_1\system\Common.php(1089): CodeIgniter\View\View->render('backend/layouts...', Array, true)
#4 C:\xampp\htdocs\codeIgniter_4\ci_4vbn_1\app\Controllers\Admin.php(11): view('backend/layouts...')
#5 C:\xampp\htdocs\codeIgniter_4\ci_4vbn_1\app\Controllers\Admin.php(20): App\Controllers\Admin->sidebar()
#6 C:\xampp\htdocs\codeIgniter_4\ci_4vbn_1\system\CodeIgniter.php(825): App\Controllers\Admin->index()
#7 C:\xampp\htdocs\codeIgniter_4\ci_4vbn_1\system\CodeIgniter.php(412): CodeIgniter\CodeIgniter->runController(Object(App\Controllers\Admin))
#8 C:\xampp\htdocs\codeIgniter_4\ci_4vbn_1\system\CodeIgniter.php(320): CodeIgniter\CodeIgniter->handleRequest(NULL, Object(Config\Cache), false)
#9 C:\xampp\htdocs\codeIgniter_4\ci_4vbn_1\public\index.php(37): CodeIgniter\CodeIgniter->run()
#10 C:\xampp\htdocs\codeIgniter_4\ci_4vbn_1\system\Commands\Server\rewrite.php(43): require_once('C:\\xampp\\htdocs...')
#11 {main}
CRITICAL - 2022-01-06 06:04:54 --> Use of undefined constant URLROOT - assumed 'URLROOT' (this will throw an Error in a future version of PHP)
#0 C:\xampp\htdocs\codeIgniter_4\ci_4vbn_1\app\Views\backend\layouts\sidebar.php(48): CodeIgniter\Debug\Exceptions->errorHandler(2, 'Use of undefine...', 'C:\\xampp\\htdocs...', 48, Array)
#1 C:\xampp\htdocs\codeIgniter_4\ci_4vbn_1\system\View\View.php(210): include('C:\\xampp\\htdocs...')
#2 C:\xampp\htdocs\codeIgniter_4\ci_4vbn_1\system\View\View.php(213): CodeIgniter\View\View->CodeIgniter\View\{closure}()
#3 C:\xampp\htdocs\codeIgniter_4\ci_4vbn_1\system\Common.php(1089): CodeIgniter\View\View->render('backend/layouts...', Array, true)
#4 C:\xampp\htdocs\codeIgniter_4\ci_4vbn_1\app\Controllers\Admin.php(11): view('backend/layouts...')
#5 C:\xampp\htdocs\codeIgniter_4\ci_4vbn_1\app\Controllers\Admin.php(20): App\Controllers\Admin->sidebar()
#6 C:\xampp\htdocs\codeIgniter_4\ci_4vbn_1\system\CodeIgniter.php(825): App\Controllers\Admin->index()
#7 C:\xampp\htdocs\codeIgniter_4\ci_4vbn_1\system\CodeIgniter.php(412): CodeIgniter\CodeIgniter->runController(Object(App\Controllers\Admin))
#8 C:\xampp\htdocs\codeIgniter_4\ci_4vbn_1\system\CodeIgniter.php(320): CodeIgniter\CodeIgniter->handleRequest(NULL, Object(Config\Cache), false)
#9 C:\xampp\htdocs\codeIgniter_4\ci_4vbn_1\public\index.php(37): CodeIgniter\CodeIgniter->run()
#10 C:\xampp\htdocs\codeIgniter_4\ci_4vbn_1\system\Commands\Server\rewrite.php(43): require_once('C:\\xampp\\htdocs...')
#11 {main}
CRITICAL - 2022-01-06 06:08:31 --> Use of undefined constant URLROOT - assumed 'URLROOT' (this will throw an Error in a future version of PHP)
#0 C:\xampp\htdocs\codeIgniter_4\ci_4vbn_1\app\Views\backend\layouts\sidebar.php(48): CodeIgniter\Debug\Exceptions->errorHandler(2, 'Use of undefine...', 'C:\\xampp\\htdocs...', 48, Array)
#1 C:\xampp\htdocs\codeIgniter_4\ci_4vbn_1\system\View\View.php(210): include('C:\\xampp\\htdocs...')
#2 C:\xampp\htdocs\codeIgniter_4\ci_4vbn_1\system\View\View.php(213): CodeIgniter\View\View->CodeIgniter\View\{closure}()
#3 C:\xampp\htdocs\codeIgniter_4\ci_4vbn_1\system\Common.php(1089): CodeIgniter\View\View->render('backend/layouts...', Array, true)
#4 C:\xampp\htdocs\codeIgniter_4\ci_4vbn_1\app\Controllers\Admin.php(11): view('backend/layouts...')
#5 C:\xampp\htdocs\codeIgniter_4\ci_4vbn_1\app\Controllers\Admin.php(20): App\Controllers\Admin->sidebar()
#6 C:\xampp\htdocs\codeIgniter_4\ci_4vbn_1\system\CodeIgniter.php(825): App\Controllers\Admin->index()
#7 C:\xampp\htdocs\codeIgniter_4\ci_4vbn_1\system\CodeIgniter.php(412): CodeIgniter\CodeIgniter->runController(Object(App\Controllers\Admin))
#8 C:\xampp\htdocs\codeIgniter_4\ci_4vbn_1\system\CodeIgniter.php(320): CodeIgniter\CodeIgniter->handleRequest(NULL, Object(Config\Cache), false)
#9 C:\xampp\htdocs\codeIgniter_4\ci_4vbn_1\public\index.php(37): CodeIgniter\CodeIgniter->run()
#10 C:\xampp\htdocs\codeIgniter_4\ci_4vbn_1\system\Commands\Server\rewrite.php(43): require_once('C:\\xampp\\htdocs...')
#11 {main}
CRITICAL - 2022-01-06 23:12:20 --> Invalid file: layout/header.php
#0 C:\xampp\htdocs\codeIgniter_4\ci_4vbn_1\system\View\View.php(198): CodeIgniter\Exceptions\FrameworkException::forInvalidFile('layout/header.p...')
#1 C:\xampp\htdocs\codeIgniter_4\ci_4vbn_1\system\Common.php(1089): CodeIgniter\View\View->render('layout/header', Array, true)
#2 C:\xampp\htdocs\codeIgniter_4\ci_4vbn_1\app\Views\backend\dashboard.php(1): view('layout/header')
#3 C:\xampp\htdocs\codeIgniter_4\ci_4vbn_1\system\View\View.php(210): include('C:\\xampp\\htdocs...')
#4 C:\xampp\htdocs\codeIgniter_4\ci_4vbn_1\system\View\View.php(213): CodeIgniter\View\View->CodeIgniter\View\{closure}()
#5 C:\xampp\htdocs\codeIgniter_4\ci_4vbn_1\system\Common.php(1089): CodeIgniter\View\View->render('backend/dashboa...', Array, true)
#6 C:\xampp\htdocs\codeIgniter_4\ci_4vbn_1\app\Controllers\Admin.php(21): view('backend/dashboa...')
#7 C:\xampp\htdocs\codeIgniter_4\ci_4vbn_1\system\CodeIgniter.php(825): App\Controllers\Admin->index()
#8 C:\xampp\htdocs\codeIgniter_4\ci_4vbn_1\system\CodeIgniter.php(412): CodeIgniter\CodeIgniter->runController(Object(App\Controllers\Admin))
#9 C:\xampp\htdocs\codeIgniter_4\ci_4vbn_1\system\CodeIgniter.php(320): CodeIgniter\CodeIgniter->handleRequest(NULL, Object(Config\Cache), false)
#10 C:\xampp\htdocs\codeIgniter_4\ci_4vbn_1\public\index.php(37): CodeIgniter\CodeIgniter->run()
#11 C:\xampp\htdocs\codeIgniter_4\ci_4vbn_1\system\Commands\Server\rewrite.php(43): require_once('C:\\xampp\\htdocs...')
#12 {main}
CRITICAL - 2022-01-06 23:15:25 --> Invalid file: backend/layout/header.php
#0 C:\xampp\htdocs\codeIgniter_4\ci_4vbn_1\system\View\View.php(198): CodeIgniter\Exceptions\FrameworkException::forInvalidFile('backend/layout/...')
#1 C:\xampp\htdocs\codeIgniter_4\ci_4vbn_1\system\Common.php(1089): CodeIgniter\View\View->render('backend/layout/...', Array, true)
#2 C:\xampp\htdocs\codeIgniter_4\ci_4vbn_1\app\Views\backend\dashboard.php(1): view('backend/layout/...')
#3 C:\xampp\htdocs\codeIgniter_4\ci_4vbn_1\system\View\View.php(210): include('C:\\xampp\\htdocs...')
#4 C:\xampp\htdocs\codeIgniter_4\ci_4vbn_1\system\View\View.php(213): CodeIgniter\View\View->CodeIgniter\View\{closure}()
#5 C:\xampp\htdocs\codeIgniter_4\ci_4vbn_1\system\Common.php(1089): CodeIgniter\View\View->render('backend/dashboa...', Array, true)
#6 C:\xampp\htdocs\codeIgniter_4\ci_4vbn_1\app\Controllers\Admin.php(21): view('backend/dashboa...')
#7 C:\xampp\htdocs\codeIgniter_4\ci_4vbn_1\system\CodeIgniter.php(825): App\Controllers\Admin->index()
#8 C:\xampp\htdocs\codeIgniter_4\ci_4vbn_1\system\CodeIgniter.php(412): CodeIgniter\CodeIgniter->runController(Object(App\Controllers\Admin))
#9 C:\xampp\htdocs\codeIgniter_4\ci_4vbn_1\system\CodeIgniter.php(320): CodeIgniter\CodeIgniter->handleRequest(NULL, Object(Config\Cache), false)
#10 C:\xampp\htdocs\codeIgniter_4\ci_4vbn_1\public\index.php(37): CodeIgniter\CodeIgniter->run()
#11 C:\xampp\htdocs\codeIgniter_4\ci_4vbn_1\system\Commands\Server\rewrite.php(43): require_once('C:\\xampp\\htdocs...')
#12 {main}
CRITICAL - 2022-01-06 23:26:42 --> Undefined variable: data
#0 C:\xampp\htdocs\codeIgniter_4\ci_4vbn_1\app\Controllers\Admin.php(21): CodeIgniter\Debug\Exceptions->errorHandler(8, 'Undefined varia...', 'C:\\xampp\\htdocs...', 21, Array)
#1 C:\xampp\htdocs\codeIgniter_4\ci_4vbn_1\system\CodeIgniter.php(825): App\Controllers\Admin->index()
#2 C:\xampp\htdocs\codeIgniter_4\ci_4vbn_1\system\CodeIgniter.php(412): CodeIgniter\CodeIgniter->runController(Object(App\Controllers\Admin))
#3 C:\xampp\htdocs\codeIgniter_4\ci_4vbn_1\system\CodeIgniter.php(320): CodeIgniter\CodeIgniter->handleRequest(NULL, Object(Config\Cache), false)
#4 C:\xampp\htdocs\codeIgniter_4\ci_4vbn_1\public\index.php(37): CodeIgniter\CodeIgniter->run()
#5 C:\xampp\htdocs\codeIgniter_4\ci_4vbn_1\system\Commands\Server\rewrite.php(43): require_once('C:\\xampp\\htdocs...')
#6 {main}
CRITICAL - 2022-01-06 23:28:00 --> Undefined variable: data
#0 C:\xampp\htdocs\codeIgniter_4\ci_4vbn_1\app\Controllers\Admin.php(21): CodeIgniter\Debug\Exceptions->errorHandler(8, 'Undefined varia...', 'C:\\xampp\\htdocs...', 21, Array)
#1 C:\xampp\htdocs\codeIgniter_4\ci_4vbn_1\system\CodeIgniter.php(825): App\Controllers\Admin->index()
#2 C:\xampp\htdocs\codeIgniter_4\ci_4vbn_1\system\CodeIgniter.php(412): CodeIgniter\CodeIgniter->runController(Object(App\Controllers\Admin))
#3 C:\xampp\htdocs\codeIgniter_4\ci_4vbn_1\system\CodeIgniter.php(320): CodeIgniter\CodeIgniter->handleRequest(NULL, Object(Config\Cache), false)
#4 C:\xampp\htdocs\codeIgniter_4\ci_4vbn_1\public\index.php(37): CodeIgniter\CodeIgniter->run()
#5 C:\xampp\htdocs\codeIgniter_4\ci_4vbn_1\system\Commands\Server\rewrite.php(43): require_once('C:\\xampp\\htdocs...')
#6 {main}
