CRITICAL - 2022-01-07 00:46:50 --> Invalid file: default.php
#0 C:\xampp\htdocs\codeIgniter_4\ci_4vbn_1\system\View\View.php(198): CodeIgniter\Exceptions\FrameworkException::forInvalidFile('default.php')
#1 C:\xampp\htdocs\codeIgniter_4\ci_4vbn_1\system\View\View.php(226): CodeIgniter\View\View->render('default', Array, true)
#2 C:\xampp\htdocs\codeIgniter_4\ci_4vbn_1\system\Common.php(1089): CodeIgniter\View\View->render('backend/dashboa...', Array, true)
#3 C:\xampp\htdocs\codeIgniter_4\ci_4vbn_1\app\Controllers\Admin.php(12): view('backend/dashboa...')
#4 C:\xampp\htdocs\codeIgniter_4\ci_4vbn_1\system\CodeIgniter.php(825): App\Controllers\Admin->index()
#5 C:\xampp\htdocs\codeIgniter_4\ci_4vbn_1\system\CodeIgniter.php(412): CodeIgniter\CodeIgniter->runController(Object(App\Controllers\Admin))
#6 C:\xampp\htdocs\codeIgniter_4\ci_4vbn_1\system\CodeIgniter.php(320): CodeIgniter\CodeIgniter->handleRequest(NULL, Object(Config\Cache), false)
#7 C:\xampp\htdocs\codeIgniter_4\ci_4vbn_1\public\index.php(37): CodeIgniter\CodeIgniter->run()
#8 C:\xampp\htdocs\codeIgniter_4\ci_4vbn_1\system\Commands\Server\rewrite.php(43): require_once('C:\\xampp\\htdocs...')
#9 {main}
CRITICAL - 2022-01-07 00:48:17 --> Invalid file: layouts/default.php
#0 C:\xampp\htdocs\codeIgniter_4\ci_4vbn_1\system\View\View.php(198): CodeIgniter\Exceptions\FrameworkException::forInvalidFile('layouts/default...')
#1 C:\xampp\htdocs\codeIgniter_4\ci_4vbn_1\system\View\View.php(226): CodeIgniter\View\View->render('layouts/default', Array, true)
#2 C:\xampp\htdocs\codeIgniter_4\ci_4vbn_1\system\Common.php(1089): CodeIgniter\View\View->render('backend/dashboa...', Array, true)
#3 C:\xampp\htdocs\codeIgniter_4\ci_4vbn_1\app\Controllers\Admin.php(12): view('backend/dashboa...')
#4 C:\xampp\htdocs\codeIgniter_4\ci_4vbn_1\system\CodeIgniter.php(825): App\Controllers\Admin->index()
#5 C:\xampp\htdocs\codeIgniter_4\ci_4vbn_1\system\CodeIgniter.php(412): CodeIgniter\CodeIgniter->runController(Object(App\Controllers\Admin))
#6 C:\xampp\htdocs\codeIgniter_4\ci_4vbn_1\system\CodeIgniter.php(320): CodeIgniter\CodeIgniter->handleRequest(NULL, Object(Config\Cache), false)
#7 C:\xampp\htdocs\codeIgniter_4\ci_4vbn_1\public\index.php(37): CodeIgniter\CodeIgniter->run()
#8 C:\xampp\htdocs\codeIgniter_4\ci_4vbn_1\system\Commands\Server\rewrite.php(43): require_once('C:\\xampp\\htdocs...')
#9 {main}
CRITICAL - 2022-01-07 00:48:18 --> Invalid file: layouts/default.php
#0 C:\xampp\htdocs\codeIgniter_4\ci_4vbn_1\system\View\View.php(198): CodeIgniter\Exceptions\FrameworkException::forInvalidFile('layouts/default...')
#1 C:\xampp\htdocs\codeIgniter_4\ci_4vbn_1\system\View\View.php(226): CodeIgniter\View\View->render('layouts/default', Array, true)
#2 C:\xampp\htdocs\codeIgniter_4\ci_4vbn_1\system\Common.php(1089): CodeIgniter\View\View->render('backend/dashboa...', Array, true)
#3 C:\xampp\htdocs\codeIgniter_4\ci_4vbn_1\app\Controllers\Admin.php(12): view('backend/dashboa...')
#4 C:\xampp\htdocs\codeIgniter_4\ci_4vbn_1\system\CodeIgniter.php(825): App\Controllers\Admin->index()
#5 C:\xampp\htdocs\codeIgniter_4\ci_4vbn_1\system\CodeIgniter.php(412): CodeIgniter\CodeIgniter->runController(Object(App\Controllers\Admin))
#6 C:\xampp\htdocs\codeIgniter_4\ci_4vbn_1\system\CodeIgniter.php(320): CodeIgniter\CodeIgniter->handleRequest(NULL, Object(Config\Cache), false)
#7 C:\xampp\htdocs\codeIgniter_4\ci_4vbn_1\public\index.php(37): CodeIgniter\CodeIgniter->run()
#8 C:\xampp\htdocs\codeIgniter_4\ci_4vbn_1\system\Commands\Server\rewrite.php(43): require_once('C:\\xampp\\htdocs...')
#9 {main}
CRITICAL - 2022-01-07 00:48:18 --> Invalid file: layouts/default.php
#0 C:\xampp\htdocs\codeIgniter_4\ci_4vbn_1\system\View\View.php(198): CodeIgniter\Exceptions\FrameworkException::forInvalidFile('layouts/default...')
#1 C:\xampp\htdocs\codeIgniter_4\ci_4vbn_1\system\View\View.php(226): CodeIgniter\View\View->render('layouts/default', Array, true)
#2 C:\xampp\htdocs\codeIgniter_4\ci_4vbn_1\system\Common.php(1089): CodeIgniter\View\View->render('backend/dashboa...', Array, true)
#3 C:\xampp\htdocs\codeIgniter_4\ci_4vbn_1\app\Controllers\Admin.php(12): view('backend/dashboa...')
#4 C:\xampp\htdocs\codeIgniter_4\ci_4vbn_1\system\CodeIgniter.php(825): App\Controllers\Admin->index()
#5 C:\xampp\htdocs\codeIgniter_4\ci_4vbn_1\system\CodeIgniter.php(412): CodeIgniter\CodeIgniter->runController(Object(App\Controllers\Admin))
#6 C:\xampp\htdocs\codeIgniter_4\ci_4vbn_1\system\CodeIgniter.php(320): CodeIgniter\CodeIgniter->handleRequest(NULL, Object(Config\Cache), false)
#7 C:\xampp\htdocs\codeIgniter_4\ci_4vbn_1\public\index.php(37): CodeIgniter\CodeIgniter->run()
#8 C:\xampp\htdocs\codeIgniter_4\ci_4vbn_1\system\Commands\Server\rewrite.php(43): require_once('C:\\xampp\\htdocs...')
#9 {main}
CRITICAL - 2022-01-07 00:48:18 --> Invalid file: layouts/default.php
#0 C:\xampp\htdocs\codeIgniter_4\ci_4vbn_1\system\View\View.php(198): CodeIgniter\Exceptions\FrameworkException::forInvalidFile('layouts/default...')
#1 C:\xampp\htdocs\codeIgniter_4\ci_4vbn_1\system\View\View.php(226): CodeIgniter\View\View->render('layouts/default', Array, true)
#2 C:\xampp\htdocs\codeIgniter_4\ci_4vbn_1\system\Common.php(1089): CodeIgniter\View\View->render('backend/dashboa...', Array, true)
#3 C:\xampp\htdocs\codeIgniter_4\ci_4vbn_1\app\Controllers\Admin.php(12): view('backend/dashboa...')
#4 C:\xampp\htdocs\codeIgniter_4\ci_4vbn_1\system\CodeIgniter.php(825): App\Controllers\Admin->index()
#5 C:\xampp\htdocs\codeIgniter_4\ci_4vbn_1\system\CodeIgniter.php(412): CodeIgniter\CodeIgniter->runController(Object(App\Controllers\Admin))
#6 C:\xampp\htdocs\codeIgniter_4\ci_4vbn_1\system\CodeIgniter.php(320): CodeIgniter\CodeIgniter->handleRequest(NULL, Object(Config\Cache), false)
#7 C:\xampp\htdocs\codeIgniter_4\ci_4vbn_1\public\index.php(37): CodeIgniter\CodeIgniter->run()
#8 C:\xampp\htdocs\codeIgniter_4\ci_4vbn_1\system\Commands\Server\rewrite.php(43): require_once('C:\\xampp\\htdocs...')
#9 {main}
CRITICAL - 2022-01-07 02:34:37 --> View themes, no current section.
#0 C:\xampp\htdocs\codeIgniter_4\ci_4vbn_1\app\Views\backend\dashboard.php(11): CodeIgniter\View\View->endSection()
#1 C:\xampp\htdocs\codeIgniter_4\ci_4vbn_1\system\View\View.php(210): include('C:\\xampp\\htdocs...')
#2 C:\xampp\htdocs\codeIgniter_4\ci_4vbn_1\system\View\View.php(213): CodeIgniter\View\View->CodeIgniter\View\{closure}()
#3 C:\xampp\htdocs\codeIgniter_4\ci_4vbn_1\system\Common.php(1089): CodeIgniter\View\View->render('backend/dashboa...', Array, true)
#4 C:\xampp\htdocs\codeIgniter_4\ci_4vbn_1\app\Controllers\Admin.php(12): view('backend/dashboa...')
#5 C:\xampp\htdocs\codeIgniter_4\ci_4vbn_1\system\CodeIgniter.php(825): App\Controllers\Admin->index()
#6 C:\xampp\htdocs\codeIgniter_4\ci_4vbn_1\system\CodeIgniter.php(412): CodeIgniter\CodeIgniter->runController(Object(App\Controllers\Admin))
#7 C:\xampp\htdocs\codeIgniter_4\ci_4vbn_1\system\CodeIgniter.php(320): CodeIgniter\CodeIgniter->handleRequest(NULL, Object(Config\Cache), false)
#8 C:\xampp\htdocs\codeIgniter_4\ci_4vbn_1\public\index.php(37): CodeIgniter\CodeIgniter->run()
#9 C:\xampp\htdocs\codeIgniter_4\ci_4vbn_1\system\Commands\Server\rewrite.php(43): require_once('C:\\xampp\\htdocs...')
#10 {main}
CRITICAL - 2022-01-07 02:40:54 --> Use of undefined constant base_url - assumed 'base_url' (this will throw an Error in a future version of PHP)
#0 C:\xampp\htdocs\codeIgniter_4\ci_4vbn_1\app\Views\backend\layouts\default.php(167): CodeIgniter\Debug\Exceptions->errorHandler(2, 'Use of undefine...', 'C:\\xampp\\htdocs...', 167, Array)
#1 C:\xampp\htdocs\codeIgniter_4\ci_4vbn_1\system\View\View.php(210): include('C:\\xampp\\htdocs...')
#2 C:\xampp\htdocs\codeIgniter_4\ci_4vbn_1\system\View\View.php(213): CodeIgniter\View\View->CodeIgniter\View\{closure}()
#3 C:\xampp\htdocs\codeIgniter_4\ci_4vbn_1\system\View\View.php(226): CodeIgniter\View\View->render('backend/layouts...', Array, true)
#4 C:\xampp\htdocs\codeIgniter_4\ci_4vbn_1\system\Common.php(1089): CodeIgniter\View\View->render('backend/dashboa...', Array, true)
#5 C:\xampp\htdocs\codeIgniter_4\ci_4vbn_1\app\Controllers\Admin.php(12): view('backend/dashboa...')
#6 C:\xampp\htdocs\codeIgniter_4\ci_4vbn_1\system\CodeIgniter.php(825): App\Controllers\Admin->index()
#7 C:\xampp\htdocs\codeIgniter_4\ci_4vbn_1\system\CodeIgniter.php(412): CodeIgniter\CodeIgniter->runController(Object(App\Controllers\Admin))
#8 C:\xampp\htdocs\codeIgniter_4\ci_4vbn_1\system\CodeIgniter.php(320): CodeIgniter\CodeIgniter->handleRequest(NULL, Object(Config\Cache), false)
#9 C:\xampp\htdocs\codeIgniter_4\ci_4vbn_1\public\index.php(37): CodeIgniter\CodeIgniter->run()
#10 C:\xampp\htdocs\codeIgniter_4\ci_4vbn_1\system\Commands\Server\rewrite.php(43): require_once('C:\\xampp\\htdocs...')
#11 {main}
