CRITICAL - 2022-01-31 00:21:57 --> Undefined variable: data
#0 C:\xampp\htdocs\dmgt_ci4\app\Controllers\Product.php(146): CodeIgniter\Debug\Exceptions->errorHandler(8, 'Undefined varia...', 'C:\\xampp\\htdocs...', 146, Array)
#1 C:\xampp\htdocs\dmgt_ci4\system\CodeIgniter.php(825): App\Controllers\Product->editProduct('2')
#2 C:\xampp\htdocs\dmgt_ci4\system\CodeIgniter.php(412): CodeIgniter\CodeIgniter->runController(Object(App\Controllers\Product))
#3 C:\xampp\htdocs\dmgt_ci4\system\CodeIgniter.php(320): CodeIgniter\CodeIgniter->handleRequest(NULL, Object(Config\Cache), false)
#4 C:\xampp\htdocs\dmgt_ci4\index.php(37): CodeIgniter\CodeIgniter->run()
#5 {main}
CRITICAL - 2022-01-31 00:22:07 --> Undefined variable: brand_data
#0 C:\xampp\htdocs\dmgt_ci4\app\Views\backend\editProduct.php(38): CodeIgniter\Debug\Exceptions->errorHandler(8, 'Undefined varia...', 'C:\\xampp\\htdocs...', 38, Array)
#1 C:\xampp\htdocs\dmgt_ci4\system\View\View.php(210): include('C:\\xampp\\htdocs...')
#2 C:\xampp\htdocs\dmgt_ci4\system\View\View.php(213): CodeIgniter\View\View->CodeIgniter\View\{closure}()
#3 C:\xampp\htdocs\dmgt_ci4\system\Common.php(1089): CodeIgniter\View\View->render('backend/editPro...', Array, true)
#4 C:\xampp\htdocs\dmgt_ci4\app\Controllers\Product.php(146): view('backend/editPro...')
#5 C:\xampp\htdocs\dmgt_ci4\system\CodeIgniter.php(825): App\Controllers\Product->editProduct('2')
#6 C:\xampp\htdocs\dmgt_ci4\system\CodeIgniter.php(412): CodeIgniter\CodeIgniter->runController(Object(App\Controllers\Product))
#7 C:\xampp\htdocs\dmgt_ci4\system\CodeIgniter.php(320): CodeIgniter\CodeIgniter->handleRequest(NULL, Object(Config\Cache), false)
#8 C:\xampp\htdocs\dmgt_ci4\index.php(37): CodeIgniter\CodeIgniter->run()
#9 {main}
CRITICAL - 2022-01-31 00:22:41 --> Undefined variable: brand_data
#0 C:\xampp\htdocs\dmgt_ci4\app\Views\backend\editProduct.php(38): CodeIgniter\Debug\Exceptions->errorHandler(8, 'Undefined varia...', 'C:\\xampp\\htdocs...', 38, Array)
#1 C:\xampp\htdocs\dmgt_ci4\system\View\View.php(210): include('C:\\xampp\\htdocs...')
#2 C:\xampp\htdocs\dmgt_ci4\system\View\View.php(213): CodeIgniter\View\View->CodeIgniter\View\{closure}()
#3 C:\xampp\htdocs\dmgt_ci4\system\Common.php(1089): CodeIgniter\View\View->render('backend/editPro...', Array, true)
#4 C:\xampp\htdocs\dmgt_ci4\app\Controllers\Product.php(146): view('backend/editPro...')
#5 C:\xampp\htdocs\dmgt_ci4\system\CodeIgniter.php(825): App\Controllers\Product->editProduct('2')
#6 C:\xampp\htdocs\dmgt_ci4\system\CodeIgniter.php(412): CodeIgniter\CodeIgniter->runController(Object(App\Controllers\Product))
#7 C:\xampp\htdocs\dmgt_ci4\system\CodeIgniter.php(320): CodeIgniter\CodeIgniter->handleRequest(NULL, Object(Config\Cache), false)
#8 C:\xampp\htdocs\dmgt_ci4\index.php(37): CodeIgniter\CodeIgniter->run()
#9 {main}
CRITICAL - 2022-01-31 00:22:43 --> Undefined variable: brand_data
#0 C:\xampp\htdocs\dmgt_ci4\app\Views\backend\editProduct.php(38): CodeIgniter\Debug\Exceptions->errorHandler(8, 'Undefined varia...', 'C:\\xampp\\htdocs...', 38, Array)
#1 C:\xampp\htdocs\dmgt_ci4\system\View\View.php(210): include('C:\\xampp\\htdocs...')
#2 C:\xampp\htdocs\dmgt_ci4\system\View\View.php(213): CodeIgniter\View\View->CodeIgniter\View\{closure}()
#3 C:\xampp\htdocs\dmgt_ci4\system\Common.php(1089): CodeIgniter\View\View->render('backend/editPro...', Array, true)
#4 C:\xampp\htdocs\dmgt_ci4\app\Controllers\Product.php(146): view('backend/editPro...')
#5 C:\xampp\htdocs\dmgt_ci4\system\CodeIgniter.php(825): App\Controllers\Product->editProduct('2')
#6 C:\xampp\htdocs\dmgt_ci4\system\CodeIgniter.php(412): CodeIgniter\CodeIgniter->runController(Object(App\Controllers\Product))
#7 C:\xampp\htdocs\dmgt_ci4\system\CodeIgniter.php(320): CodeIgniter\CodeIgniter->handleRequest(NULL, Object(Config\Cache), false)
#8 C:\xampp\htdocs\dmgt_ci4\index.php(37): CodeIgniter\CodeIgniter->run()
#9 {main}
CRITICAL - 2022-01-31 00:22:48 --> Undefined variable: brand_data
#0 C:\xampp\htdocs\dmgt_ci4\app\Views\backend\editProduct.php(38): CodeIgniter\Debug\Exceptions->errorHandler(8, 'Undefined varia...', 'C:\\xampp\\htdocs...', 38, Array)
#1 C:\xampp\htdocs\dmgt_ci4\system\View\View.php(210): include('C:\\xampp\\htdocs...')
#2 C:\xampp\htdocs\dmgt_ci4\system\View\View.php(213): CodeIgniter\View\View->CodeIgniter\View\{closure}()
#3 C:\xampp\htdocs\dmgt_ci4\system\Common.php(1089): CodeIgniter\View\View->render('backend/editPro...', Array, true)
#4 C:\xampp\htdocs\dmgt_ci4\app\Controllers\Product.php(146): view('backend/editPro...')
#5 C:\xampp\htdocs\dmgt_ci4\system\CodeIgniter.php(825): App\Controllers\Product->editProduct('2')
#6 C:\xampp\htdocs\dmgt_ci4\system\CodeIgniter.php(412): CodeIgniter\CodeIgniter->runController(Object(App\Controllers\Product))
#7 C:\xampp\htdocs\dmgt_ci4\system\CodeIgniter.php(320): CodeIgniter\CodeIgniter->handleRequest(NULL, Object(Config\Cache), false)
#8 C:\xampp\htdocs\dmgt_ci4\index.php(37): CodeIgniter\CodeIgniter->run()
#9 {main}
CRITICAL - 2022-01-31 00:23:21 --> Undefined variable: brand_data
#0 C:\xampp\htdocs\dmgt_ci4\app\Views\backend\editProduct.php(38): CodeIgniter\Debug\Exceptions->errorHandler(8, 'Undefined varia...', 'C:\\xampp\\htdocs...', 38, Array)
#1 C:\xampp\htdocs\dmgt_ci4\system\View\View.php(210): include('C:\\xampp\\htdocs...')
#2 C:\xampp\htdocs\dmgt_ci4\system\View\View.php(213): CodeIgniter\View\View->CodeIgniter\View\{closure}()
#3 C:\xampp\htdocs\dmgt_ci4\system\Common.php(1089): CodeIgniter\View\View->render('backend/editPro...', Array, true)
#4 C:\xampp\htdocs\dmgt_ci4\app\Controllers\Product.php(146): view('backend/editPro...')
#5 C:\xampp\htdocs\dmgt_ci4\system\CodeIgniter.php(825): App\Controllers\Product->editProduct('2')
#6 C:\xampp\htdocs\dmgt_ci4\system\CodeIgniter.php(412): CodeIgniter\CodeIgniter->runController(Object(App\Controllers\Product))
#7 C:\xampp\htdocs\dmgt_ci4\system\CodeIgniter.php(320): CodeIgniter\CodeIgniter->handleRequest(NULL, Object(Config\Cache), false)
#8 C:\xampp\htdocs\dmgt_ci4\index.php(37): CodeIgniter\CodeIgniter->run()
#9 {main}
CRITICAL - 2022-01-31 00:24:07 --> Invalid argument supplied for foreach()
#0 C:\xampp\htdocs\dmgt_ci4\app\Views\backend\editProduct.php(38): CodeIgniter\Debug\Exceptions->errorHandler(2, 'Invalid argumen...', 'C:\\xampp\\htdocs...', 38, Array)
#1 C:\xampp\htdocs\dmgt_ci4\system\View\View.php(210): include('C:\\xampp\\htdocs...')
#2 C:\xampp\htdocs\dmgt_ci4\system\View\View.php(213): CodeIgniter\View\View->CodeIgniter\View\{closure}()
#3 C:\xampp\htdocs\dmgt_ci4\system\Common.php(1089): CodeIgniter\View\View->render('backend/editPro...', Array, true)
#4 C:\xampp\htdocs\dmgt_ci4\app\Controllers\Product.php(147): view('backend/editPro...', Array)
#5 C:\xampp\htdocs\dmgt_ci4\system\CodeIgniter.php(825): App\Controllers\Product->editProduct('2')
#6 C:\xampp\htdocs\dmgt_ci4\system\CodeIgniter.php(412): CodeIgniter\CodeIgniter->runController(Object(App\Controllers\Product))
#7 C:\xampp\htdocs\dmgt_ci4\system\CodeIgniter.php(320): CodeIgniter\CodeIgniter->handleRequest(NULL, Object(Config\Cache), false)
#8 C:\xampp\htdocs\dmgt_ci4\index.php(37): CodeIgniter\CodeIgniter->run()
#9 {main}
CRITICAL - 2022-01-31 00:24:57 --> Illegal string offset 'id'
#0 C:\xampp\htdocs\dmgt_ci4\app\Views\backend\editProduct.php(39): CodeIgniter\Debug\Exceptions->errorHandler(2, 'Illegal string ...', 'C:\\xampp\\htdocs...', 39, Array)
#1 C:\xampp\htdocs\dmgt_ci4\system\View\View.php(210): include('C:\\xampp\\htdocs...')
#2 C:\xampp\htdocs\dmgt_ci4\system\View\View.php(213): CodeIgniter\View\View->CodeIgniter\View\{closure}()
#3 C:\xampp\htdocs\dmgt_ci4\system\Common.php(1089): CodeIgniter\View\View->render('backend/editPro...', Array, true)
#4 C:\xampp\htdocs\dmgt_ci4\app\Controllers\Product.php(147): view('backend/editPro...', Array)
#5 C:\xampp\htdocs\dmgt_ci4\system\CodeIgniter.php(825): App\Controllers\Product->editProduct('2')
#6 C:\xampp\htdocs\dmgt_ci4\system\CodeIgniter.php(412): CodeIgniter\CodeIgniter->runController(Object(App\Controllers\Product))
#7 C:\xampp\htdocs\dmgt_ci4\system\CodeIgniter.php(320): CodeIgniter\CodeIgniter->handleRequest(NULL, Object(Config\Cache), false)
#8 C:\xampp\htdocs\dmgt_ci4\index.php(37): CodeIgniter\CodeIgniter->run()
#9 {main}
CRITICAL - 2022-01-31 00:24:58 --> Illegal string offset 'id'
#0 C:\xampp\htdocs\dmgt_ci4\app\Views\backend\editProduct.php(39): CodeIgniter\Debug\Exceptions->errorHandler(2, 'Illegal string ...', 'C:\\xampp\\htdocs...', 39, Array)
#1 C:\xampp\htdocs\dmgt_ci4\system\View\View.php(210): include('C:\\xampp\\htdocs...')
#2 C:\xampp\htdocs\dmgt_ci4\system\View\View.php(213): CodeIgniter\View\View->CodeIgniter\View\{closure}()
#3 C:\xampp\htdocs\dmgt_ci4\system\Common.php(1089): CodeIgniter\View\View->render('backend/editPro...', Array, true)
#4 C:\xampp\htdocs\dmgt_ci4\app\Controllers\Product.php(147): view('backend/editPro...', Array)
#5 C:\xampp\htdocs\dmgt_ci4\system\CodeIgniter.php(825): App\Controllers\Product->editProduct('2')
#6 C:\xampp\htdocs\dmgt_ci4\system\CodeIgniter.php(412): CodeIgniter\CodeIgniter->runController(Object(App\Controllers\Product))
#7 C:\xampp\htdocs\dmgt_ci4\system\CodeIgniter.php(320): CodeIgniter\CodeIgniter->handleRequest(NULL, Object(Config\Cache), false)
#8 C:\xampp\htdocs\dmgt_ci4\index.php(37): CodeIgniter\CodeIgniter->run()
#9 {main}
CRITICAL - 2022-01-31 00:24:58 --> Illegal string offset 'id'
#0 C:\xampp\htdocs\dmgt_ci4\app\Views\backend\editProduct.php(39): CodeIgniter\Debug\Exceptions->errorHandler(2, 'Illegal string ...', 'C:\\xampp\\htdocs...', 39, Array)
#1 C:\xampp\htdocs\dmgt_ci4\system\View\View.php(210): include('C:\\xampp\\htdocs...')
#2 C:\xampp\htdocs\dmgt_ci4\system\View\View.php(213): CodeIgniter\View\View->CodeIgniter\View\{closure}()
#3 C:\xampp\htdocs\dmgt_ci4\system\Common.php(1089): CodeIgniter\View\View->render('backend/editPro...', Array, true)
#4 C:\xampp\htdocs\dmgt_ci4\app\Controllers\Product.php(147): view('backend/editPro...', Array)
#5 C:\xampp\htdocs\dmgt_ci4\system\CodeIgniter.php(825): App\Controllers\Product->editProduct('2')
#6 C:\xampp\htdocs\dmgt_ci4\system\CodeIgniter.php(412): CodeIgniter\CodeIgniter->runController(Object(App\Controllers\Product))
#7 C:\xampp\htdocs\dmgt_ci4\system\CodeIgniter.php(320): CodeIgniter\CodeIgniter->handleRequest(NULL, Object(Config\Cache), false)
#8 C:\xampp\htdocs\dmgt_ci4\index.php(37): CodeIgniter\CodeIgniter->run()
#9 {main}
CRITICAL - 2022-01-31 00:24:59 --> Illegal string offset 'id'
#0 C:\xampp\htdocs\dmgt_ci4\app\Views\backend\editProduct.php(39): CodeIgniter\Debug\Exceptions->errorHandler(2, 'Illegal string ...', 'C:\\xampp\\htdocs...', 39, Array)
#1 C:\xampp\htdocs\dmgt_ci4\system\View\View.php(210): include('C:\\xampp\\htdocs...')
#2 C:\xampp\htdocs\dmgt_ci4\system\View\View.php(213): CodeIgniter\View\View->CodeIgniter\View\{closure}()
#3 C:\xampp\htdocs\dmgt_ci4\system\Common.php(1089): CodeIgniter\View\View->render('backend/editPro...', Array, true)
#4 C:\xampp\htdocs\dmgt_ci4\app\Controllers\Product.php(147): view('backend/editPro...', Array)
#5 C:\xampp\htdocs\dmgt_ci4\system\CodeIgniter.php(825): App\Controllers\Product->editProduct('2')
#6 C:\xampp\htdocs\dmgt_ci4\system\CodeIgniter.php(412): CodeIgniter\CodeIgniter->runController(Object(App\Controllers\Product))
#7 C:\xampp\htdocs\dmgt_ci4\system\CodeIgniter.php(320): CodeIgniter\CodeIgniter->handleRequest(NULL, Object(Config\Cache), false)
#8 C:\xampp\htdocs\dmgt_ci4\index.php(37): CodeIgniter\CodeIgniter->run()
#9 {main}
ERROR - 2022-01-31 00:28:02 --> Column 'id' in where clause is ambiguous
CRITICAL - 2022-01-31 00:28:02 --> Column 'id' in where clause is ambiguous
#0 C:\xampp\htdocs\dmgt_ci4\system\Database\MySQLi\Connection.php(292): mysqli->query('SELECT `product...', 0)
#1 C:\xampp\htdocs\dmgt_ci4\system\Database\BaseConnection.php(670): CodeIgniter\Database\MySQLi\Connection->execute('SELECT `product...')
#2 C:\xampp\htdocs\dmgt_ci4\system\Database\BaseConnection.php(598): CodeIgniter\Database\BaseConnection->simpleQuery('SELECT `product...')
#3 C:\xampp\htdocs\dmgt_ci4\system\Database\BaseBuilder.php(1455): CodeIgniter\Database\BaseConnection->query('SELECT `product...', Array, false)
#4 C:\xampp\htdocs\dmgt_ci4\app\Controllers\Product.php(153): CodeIgniter\Database\BaseBuilder->get()
#5 C:\xampp\htdocs\dmgt_ci4\system\CodeIgniter.php(825): App\Controllers\Product->editProduct('2')
#6 C:\xampp\htdocs\dmgt_ci4\system\CodeIgniter.php(412): CodeIgniter\CodeIgniter->runController(Object(App\Controllers\Product))
#7 C:\xampp\htdocs\dmgt_ci4\system\CodeIgniter.php(320): CodeIgniter\CodeIgniter->handleRequest(NULL, Object(Config\Cache), false)
#8 C:\xampp\htdocs\dmgt_ci4\index.php(37): CodeIgniter\CodeIgniter->run()
#9 {main}
CRITICAL - 2022-01-31 00:45:29 --> syntax error, unexpected '1' (T_LNUMBER), expecting ',' or ';'
#0 C:\xampp\htdocs\dmgt_ci4\system\View\View.php(213): CodeIgniter\View\View->CodeIgniter\View\{closure}()
#1 C:\xampp\htdocs\dmgt_ci4\system\Common.php(1089): CodeIgniter\View\View->render('backend/editPro...', Array, true)
#2 C:\xampp\htdocs\dmgt_ci4\app\Controllers\Product.php(155): view('backend/editPro...', Array)
#3 C:\xampp\htdocs\dmgt_ci4\system\CodeIgniter.php(825): App\Controllers\Product->editProduct('1')
#4 C:\xampp\htdocs\dmgt_ci4\system\CodeIgniter.php(412): CodeIgniter\CodeIgniter->runController(Object(App\Controllers\Product))
#5 C:\xampp\htdocs\dmgt_ci4\system\CodeIgniter.php(320): CodeIgniter\CodeIgniter->handleRequest(NULL, Object(Config\Cache), false)
#6 C:\xampp\htdocs\dmgt_ci4\index.php(37): CodeIgniter\CodeIgniter->run()
#7 {main}
CRITICAL - 2022-01-31 00:46:35 --> syntax error, unexpected '1' (T_LNUMBER), expecting ',' or ';'
#0 C:\xampp\htdocs\dmgt_ci4\system\View\View.php(213): CodeIgniter\View\View->CodeIgniter\View\{closure}()
#1 C:\xampp\htdocs\dmgt_ci4\system\Common.php(1089): CodeIgniter\View\View->render('backend/editPro...', Array, true)
#2 C:\xampp\htdocs\dmgt_ci4\app\Controllers\Product.php(155): view('backend/editPro...', Array)
#3 C:\xampp\htdocs\dmgt_ci4\system\CodeIgniter.php(825): App\Controllers\Product->editProduct('1')
#4 C:\xampp\htdocs\dmgt_ci4\system\CodeIgniter.php(412): CodeIgniter\CodeIgniter->runController(Object(App\Controllers\Product))
#5 C:\xampp\htdocs\dmgt_ci4\system\CodeIgniter.php(320): CodeIgniter\CodeIgniter->handleRequest(NULL, Object(Config\Cache), false)
#6 C:\xampp\htdocs\dmgt_ci4\index.php(37): CodeIgniter\CodeIgniter->run()
#7 {main}
CRITICAL - 2022-01-31 00:46:36 --> syntax error, unexpected '1' (T_LNUMBER), expecting ',' or ';'
#0 C:\xampp\htdocs\dmgt_ci4\system\View\View.php(213): CodeIgniter\View\View->CodeIgniter\View\{closure}()
#1 C:\xampp\htdocs\dmgt_ci4\system\Common.php(1089): CodeIgniter\View\View->render('backend/editPro...', Array, true)
#2 C:\xampp\htdocs\dmgt_ci4\app\Controllers\Product.php(155): view('backend/editPro...', Array)
#3 C:\xampp\htdocs\dmgt_ci4\system\CodeIgniter.php(825): App\Controllers\Product->editProduct('1')
#4 C:\xampp\htdocs\dmgt_ci4\system\CodeIgniter.php(412): CodeIgniter\CodeIgniter->runController(Object(App\Controllers\Product))
#5 C:\xampp\htdocs\dmgt_ci4\system\CodeIgniter.php(320): CodeIgniter\CodeIgniter->handleRequest(NULL, Object(Config\Cache), false)
#6 C:\xampp\htdocs\dmgt_ci4\index.php(37): CodeIgniter\CodeIgniter->run()
#7 {main}
CRITICAL - 2022-01-31 00:51:23 --> syntax error, unexpected '}'
#0 C:\xampp\htdocs\dmgt_ci4\system\View\View.php(213): CodeIgniter\View\View->CodeIgniter\View\{closure}()
#1 C:\xampp\htdocs\dmgt_ci4\system\Common.php(1089): CodeIgniter\View\View->render('backend/editPro...', Array, true)
#2 C:\xampp\htdocs\dmgt_ci4\app\Controllers\Product.php(155): view('backend/editPro...', Array)
#3 C:\xampp\htdocs\dmgt_ci4\system\CodeIgniter.php(825): App\Controllers\Product->editProduct('2')
#4 C:\xampp\htdocs\dmgt_ci4\system\CodeIgniter.php(412): CodeIgniter\CodeIgniter->runController(Object(App\Controllers\Product))
#5 C:\xampp\htdocs\dmgt_ci4\system\CodeIgniter.php(320): CodeIgniter\CodeIgniter->handleRequest(NULL, Object(Config\Cache), false)
#6 C:\xampp\htdocs\dmgt_ci4\index.php(37): CodeIgniter\CodeIgniter->run()
#7 {main}
CRITICAL - 2022-01-31 00:51:48 --> syntax error, unexpected '}'
#0 C:\xampp\htdocs\dmgt_ci4\system\View\View.php(213): CodeIgniter\View\View->CodeIgniter\View\{closure}()
#1 C:\xampp\htdocs\dmgt_ci4\system\Common.php(1089): CodeIgniter\View\View->render('backend/editPro...', Array, true)
#2 C:\xampp\htdocs\dmgt_ci4\app\Controllers\Product.php(155): view('backend/editPro...', Array)
#3 C:\xampp\htdocs\dmgt_ci4\system\CodeIgniter.php(825): App\Controllers\Product->editProduct('2')
#4 C:\xampp\htdocs\dmgt_ci4\system\CodeIgniter.php(412): CodeIgniter\CodeIgniter->runController(Object(App\Controllers\Product))
#5 C:\xampp\htdocs\dmgt_ci4\system\CodeIgniter.php(320): CodeIgniter\CodeIgniter->handleRequest(NULL, Object(Config\Cache), false)
#6 C:\xampp\htdocs\dmgt_ci4\index.php(37): CodeIgniter\CodeIgniter->run()
#7 {main}
CRITICAL - 2022-01-31 00:51:51 --> syntax error, unexpected '}'
#0 C:\xampp\htdocs\dmgt_ci4\system\View\View.php(213): CodeIgniter\View\View->CodeIgniter\View\{closure}()
#1 C:\xampp\htdocs\dmgt_ci4\system\Common.php(1089): CodeIgniter\View\View->render('backend/editPro...', Array, true)
#2 C:\xampp\htdocs\dmgt_ci4\app\Controllers\Product.php(155): view('backend/editPro...', Array)
#3 C:\xampp\htdocs\dmgt_ci4\system\CodeIgniter.php(825): App\Controllers\Product->editProduct('2')
#4 C:\xampp\htdocs\dmgt_ci4\system\CodeIgniter.php(412): CodeIgniter\CodeIgniter->runController(Object(App\Controllers\Product))
#5 C:\xampp\htdocs\dmgt_ci4\system\CodeIgniter.php(320): CodeIgniter\CodeIgniter->handleRequest(NULL, Object(Config\Cache), false)
#6 C:\xampp\htdocs\dmgt_ci4\index.php(37): CodeIgniter\CodeIgniter->run()
#7 {main}
CRITICAL - 2022-01-31 00:52:09 --> Undefined index: category_name
#0 C:\xampp\htdocs\dmgt_ci4\app\Views\backend\editProduct.php(58): CodeIgniter\Debug\Exceptions->errorHandler(8, 'Undefined index...', 'C:\\xampp\\htdocs...', 58, Array)
#1 C:\xampp\htdocs\dmgt_ci4\system\View\View.php(210): include('C:\\xampp\\htdocs...')
#2 C:\xampp\htdocs\dmgt_ci4\system\View\View.php(213): CodeIgniter\View\View->CodeIgniter\View\{closure}()
#3 C:\xampp\htdocs\dmgt_ci4\system\Common.php(1089): CodeIgniter\View\View->render('backend/editPro...', Array, true)
#4 C:\xampp\htdocs\dmgt_ci4\app\Controllers\Product.php(155): view('backend/editPro...', Array)
#5 C:\xampp\htdocs\dmgt_ci4\system\CodeIgniter.php(825): App\Controllers\Product->editProduct('2')
#6 C:\xampp\htdocs\dmgt_ci4\system\CodeIgniter.php(412): CodeIgniter\CodeIgniter->runController(Object(App\Controllers\Product))
#7 C:\xampp\htdocs\dmgt_ci4\system\CodeIgniter.php(320): CodeIgniter\CodeIgniter->handleRequest(NULL, Object(Config\Cache), false)
#8 C:\xampp\htdocs\dmgt_ci4\index.php(37): CodeIgniter\CodeIgniter->run()
#9 {main}
CRITICAL - 2022-01-31 00:52:51 --> Undefined index: category_name
#0 C:\xampp\htdocs\dmgt_ci4\app\Views\backend\editProduct.php(58): CodeIgniter\Debug\Exceptions->errorHandler(8, 'Undefined index...', 'C:\\xampp\\htdocs...', 58, Array)
#1 C:\xampp\htdocs\dmgt_ci4\system\View\View.php(210): include('C:\\xampp\\htdocs...')
#2 C:\xampp\htdocs\dmgt_ci4\system\View\View.php(213): CodeIgniter\View\View->CodeIgniter\View\{closure}()
#3 C:\xampp\htdocs\dmgt_ci4\system\Common.php(1089): CodeIgniter\View\View->render('backend/editPro...', Array, true)
#4 C:\xampp\htdocs\dmgt_ci4\app\Controllers\Product.php(155): view('backend/editPro...', Array)
#5 C:\xampp\htdocs\dmgt_ci4\system\CodeIgniter.php(825): App\Controllers\Product->editProduct('2')
#6 C:\xampp\htdocs\dmgt_ci4\system\CodeIgniter.php(412): CodeIgniter\CodeIgniter->runController(Object(App\Controllers\Product))
#7 C:\xampp\htdocs\dmgt_ci4\system\CodeIgniter.php(320): CodeIgniter\CodeIgniter->handleRequest(NULL, Object(Config\Cache), false)
#8 C:\xampp\htdocs\dmgt_ci4\index.php(37): CodeIgniter\CodeIgniter->run()
#9 {main}
CRITICAL - 2022-01-31 00:53:43 --> Undefined index: category_name
#0 C:\xampp\htdocs\dmgt_ci4\app\Views\backend\editProduct.php(58): CodeIgniter\Debug\Exceptions->errorHandler(8, 'Undefined index...', 'C:\\xampp\\htdocs...', 58, Array)
#1 C:\xampp\htdocs\dmgt_ci4\system\View\View.php(210): include('C:\\xampp\\htdocs...')
#2 C:\xampp\htdocs\dmgt_ci4\system\View\View.php(213): CodeIgniter\View\View->CodeIgniter\View\{closure}()
#3 C:\xampp\htdocs\dmgt_ci4\system\Common.php(1089): CodeIgniter\View\View->render('backend/editPro...', Array, true)
#4 C:\xampp\htdocs\dmgt_ci4\app\Controllers\Product.php(155): view('backend/editPro...', Array)
#5 C:\xampp\htdocs\dmgt_ci4\system\CodeIgniter.php(825): App\Controllers\Product->editProduct('2')
#6 C:\xampp\htdocs\dmgt_ci4\system\CodeIgniter.php(412): CodeIgniter\CodeIgniter->runController(Object(App\Controllers\Product))
#7 C:\xampp\htdocs\dmgt_ci4\system\CodeIgniter.php(320): CodeIgniter\CodeIgniter->handleRequest(NULL, Object(Config\Cache), false)
#8 C:\xampp\htdocs\dmgt_ci4\index.php(37): CodeIgniter\CodeIgniter->run()
#9 {main}
CRITICAL - 2022-01-31 00:56:24 --> Undefined index: status_flag
#0 C:\xampp\htdocs\dmgt_ci4\app\Views\backend\editProduct.php(74): CodeIgniter\Debug\Exceptions->errorHandler(8, 'Undefined index...', 'C:\\xampp\\htdocs...', 74, Array)
#1 C:\xampp\htdocs\dmgt_ci4\system\View\View.php(210): include('C:\\xampp\\htdocs...')
#2 C:\xampp\htdocs\dmgt_ci4\system\View\View.php(213): CodeIgniter\View\View->CodeIgniter\View\{closure}()
#3 C:\xampp\htdocs\dmgt_ci4\system\Common.php(1089): CodeIgniter\View\View->render('backend/editPro...', Array, true)
#4 C:\xampp\htdocs\dmgt_ci4\app\Controllers\Product.php(155): view('backend/editPro...', Array)
#5 C:\xampp\htdocs\dmgt_ci4\system\CodeIgniter.php(825): App\Controllers\Product->editProduct('2')
#6 C:\xampp\htdocs\dmgt_ci4\system\CodeIgniter.php(412): CodeIgniter\CodeIgniter->runController(Object(App\Controllers\Product))
#7 C:\xampp\htdocs\dmgt_ci4\system\CodeIgniter.php(320): CodeIgniter\CodeIgniter->handleRequest(NULL, Object(Config\Cache), false)
#8 C:\xampp\htdocs\dmgt_ci4\index.php(37): CodeIgniter\CodeIgniter->run()
#9 {main}
CRITICAL - 2022-01-31 01:23:05 --> Cannot use isset() on the result of an expression (you can use "null !== expression" instead)
#0 [internal function]: CodeIgniter\Debug\Exceptions->shutdownHandler()
#1 {main}
CRITICAL - 2022-01-31 01:27:21 --> Undefined variable: id
#0 C:\xampp\htdocs\dmgt_ci4\app\Controllers\Product.php(230): CodeIgniter\Debug\Exceptions->errorHandler(8, 'Undefined varia...', 'C:\\xampp\\htdocs...', 230, Array)
#1 C:\xampp\htdocs\dmgt_ci4\system\CodeIgniter.php(825): App\Controllers\Product->editSingleProduct()
#2 C:\xampp\htdocs\dmgt_ci4\system\CodeIgniter.php(412): CodeIgniter\CodeIgniter->runController(Object(App\Controllers\Product))
#3 C:\xampp\htdocs\dmgt_ci4\system\CodeIgniter.php(320): CodeIgniter\CodeIgniter->handleRequest(NULL, Object(Config\Cache), false)
#4 C:\xampp\htdocs\dmgt_ci4\index.php(37): CodeIgniter\CodeIgniter->run()
#5 {main}
CRITICAL - 2022-01-31 01:31:37 --> Undefined index: product_image
#0 C:\xampp\htdocs\dmgt_ci4\app\Controllers\Product.php(165): CodeIgniter\Debug\Exceptions->errorHandler(8, 'Undefined index...', 'C:\\xampp\\htdocs...', 165, Array)
#1 C:\xampp\htdocs\dmgt_ci4\system\CodeIgniter.php(825): App\Controllers\Product->editSingleProduct()
#2 C:\xampp\htdocs\dmgt_ci4\system\CodeIgniter.php(412): CodeIgniter\CodeIgniter->runController(Object(App\Controllers\Product))
#3 C:\xampp\htdocs\dmgt_ci4\system\CodeIgniter.php(320): CodeIgniter\CodeIgniter->handleRequest(NULL, Object(Config\Cache), false)
#4 C:\xampp\htdocs\dmgt_ci4\index.php(37): CodeIgniter\CodeIgniter->run()
#5 {main}
CRITICAL - 2022-01-31 01:32:04 --> Undefined index: product_image
#0 C:\xampp\htdocs\dmgt_ci4\app\Controllers\Product.php(166): CodeIgniter\Debug\Exceptions->errorHandler(8, 'Undefined index...', 'C:\\xampp\\htdocs...', 166, Array)
#1 C:\xampp\htdocs\dmgt_ci4\system\CodeIgniter.php(825): App\Controllers\Product->editSingleProduct()
#2 C:\xampp\htdocs\dmgt_ci4\system\CodeIgniter.php(412): CodeIgniter\CodeIgniter->runController(Object(App\Controllers\Product))
#3 C:\xampp\htdocs\dmgt_ci4\system\CodeIgniter.php(320): CodeIgniter\CodeIgniter->handleRequest(NULL, Object(Config\Cache), false)
#4 C:\xampp\htdocs\dmgt_ci4\index.php(37): CodeIgniter\CodeIgniter->run()
#5 {main}
CRITICAL - 2022-01-31 01:33:46 --> Call to undefined function App\Controllers\emty()
#0 C:\xampp\htdocs\dmgt_ci4\system\CodeIgniter.php(825): App\Controllers\Product->editSingleProduct()
#1 C:\xampp\htdocs\dmgt_ci4\system\CodeIgniter.php(412): CodeIgniter\CodeIgniter->runController(Object(App\Controllers\Product))
#2 C:\xampp\htdocs\dmgt_ci4\system\CodeIgniter.php(320): CodeIgniter\CodeIgniter->handleRequest(NULL, Object(Config\Cache), false)
#3 C:\xampp\htdocs\dmgt_ci4\index.php(37): CodeIgniter\CodeIgniter->run()
#4 {main}
CRITICAL - 2022-01-31 01:34:33 --> Undefined variable: res
#0 C:\xampp\htdocs\dmgt_ci4\app\Controllers\Product.php(233): CodeIgniter\Debug\Exceptions->errorHandler(8, 'Undefined varia...', 'C:\\xampp\\htdocs...', 233, Array)
#1 C:\xampp\htdocs\dmgt_ci4\system\CodeIgniter.php(825): App\Controllers\Product->editSingleProduct()
#2 C:\xampp\htdocs\dmgt_ci4\system\CodeIgniter.php(412): CodeIgniter\CodeIgniter->runController(Object(App\Controllers\Product))
#3 C:\xampp\htdocs\dmgt_ci4\system\CodeIgniter.php(320): CodeIgniter\CodeIgniter->handleRequest(NULL, Object(Config\Cache), false)
#4 C:\xampp\htdocs\dmgt_ci4\index.php(37): CodeIgniter\CodeIgniter->run()
#5 {main}
CRITICAL - 2022-01-31 01:35:41 --> Undefined variable: res
#0 C:\xampp\htdocs\dmgt_ci4\app\Controllers\Product.php(233): CodeIgniter\Debug\Exceptions->errorHandler(8, 'Undefined varia...', 'C:\\xampp\\htdocs...', 233, Array)
#1 C:\xampp\htdocs\dmgt_ci4\system\CodeIgniter.php(825): App\Controllers\Product->editSingleProduct()
#2 C:\xampp\htdocs\dmgt_ci4\system\CodeIgniter.php(412): CodeIgniter\CodeIgniter->runController(Object(App\Controllers\Product))
#3 C:\xampp\htdocs\dmgt_ci4\system\CodeIgniter.php(320): CodeIgniter\CodeIgniter->handleRequest(NULL, Object(Config\Cache), false)
#4 C:\xampp\htdocs\dmgt_ci4\index.php(37): CodeIgniter\CodeIgniter->run()
#5 {main}
CRITICAL - 2022-01-31 02:08:25 --> Undefined variable: res
#0 C:\xampp\htdocs\dmgt_ci4\app\Controllers\Product.php(233): CodeIgniter\Debug\Exceptions->errorHandler(8, 'Undefined varia...', 'C:\\xampp\\htdocs...', 233, Array)
#1 C:\xampp\htdocs\dmgt_ci4\system\CodeIgniter.php(825): App\Controllers\Product->editSingleProduct()
#2 C:\xampp\htdocs\dmgt_ci4\system\CodeIgniter.php(412): CodeIgniter\CodeIgniter->runController(Object(App\Controllers\Product))
#3 C:\xampp\htdocs\dmgt_ci4\system\CodeIgniter.php(320): CodeIgniter\CodeIgniter->handleRequest(NULL, Object(Config\Cache), false)
#4 C:\xampp\htdocs\dmgt_ci4\index.php(37): CodeIgniter\CodeIgniter->run()
#5 {main}
CRITICAL - 2022-01-31 02:15:38 --> syntax error, unexpected 'foreach' (T_FOREACH)
#0 C:\xampp\htdocs\dmgt_ci4\system\Autoloader\Autoloader.php(241): CodeIgniter\Autoloader\Autoloader->includeFile('C:\\xampp\\htdocs...')
#1 C:\xampp\htdocs\dmgt_ci4\system\Autoloader\Autoloader.php(219): CodeIgniter\Autoloader\Autoloader->loadInNamespace('App\\Controllers...')
#2 [internal function]: CodeIgniter\Autoloader\Autoloader->loadClass('App\\Controllers...')
#3 [internal function]: spl_autoload_call('App\\Controllers...')
#4 C:\xampp\htdocs\dmgt_ci4\system\CodeIgniter.php(790): class_exists('\\App\\Controller...', true)
#5 C:\xampp\htdocs\dmgt_ci4\system\CodeIgniter.php(399): CodeIgniter\CodeIgniter->startController()
#6 C:\xampp\htdocs\dmgt_ci4\system\CodeIgniter.php(320): CodeIgniter\CodeIgniter->handleRequest(NULL, Object(Config\Cache), false)
#7 C:\xampp\htdocs\dmgt_ci4\index.php(37): CodeIgniter\CodeIgniter->run()
#8 {main}
CRITICAL - 2022-01-31 02:17:24 --> Undefined variable: res
#0 C:\xampp\htdocs\dmgt_ci4\app\Controllers\Product.php(242): CodeIgniter\Debug\Exceptions->errorHandler(8, 'Undefined varia...', 'C:\\xampp\\htdocs...', 242, Array)
#1 C:\xampp\htdocs\dmgt_ci4\system\CodeIgniter.php(825): App\Controllers\Product->editSingleProduct()
#2 C:\xampp\htdocs\dmgt_ci4\system\CodeIgniter.php(412): CodeIgniter\CodeIgniter->runController(Object(App\Controllers\Product))
#3 C:\xampp\htdocs\dmgt_ci4\system\CodeIgniter.php(320): CodeIgniter\CodeIgniter->handleRequest(NULL, Object(Config\Cache), false)
#4 C:\xampp\htdocs\dmgt_ci4\index.php(37): CodeIgniter\CodeIgniter->run()
#5 {main}
CRITICAL - 2022-01-31 02:17:54 --> Undefined variable: res
#0 C:\xampp\htdocs\dmgt_ci4\app\Controllers\Product.php(242): CodeIgniter\Debug\Exceptions->errorHandler(8, 'Undefined varia...', 'C:\\xampp\\htdocs...', 242, Array)
#1 C:\xampp\htdocs\dmgt_ci4\system\CodeIgniter.php(825): App\Controllers\Product->editSingleProduct()
#2 C:\xampp\htdocs\dmgt_ci4\system\CodeIgniter.php(412): CodeIgniter\CodeIgniter->runController(Object(App\Controllers\Product))
#3 C:\xampp\htdocs\dmgt_ci4\system\CodeIgniter.php(320): CodeIgniter\CodeIgniter->handleRequest(NULL, Object(Config\Cache), false)
#4 C:\xampp\htdocs\dmgt_ci4\index.php(37): CodeIgniter\CodeIgniter->run()
#5 {main}
CRITICAL - 2022-01-31 02:18:49 --> Undefined variable: old_img_files
#0 C:\xampp\htdocs\dmgt_ci4\app\Controllers\Product.php(234): CodeIgniter\Debug\Exceptions->errorHandler(8, 'Undefined varia...', 'C:\\xampp\\htdocs...', 234, Array)
#1 C:\xampp\htdocs\dmgt_ci4\system\CodeIgniter.php(825): App\Controllers\Product->editSingleProduct()
#2 C:\xampp\htdocs\dmgt_ci4\system\CodeIgniter.php(412): CodeIgniter\CodeIgniter->runController(Object(App\Controllers\Product))
#3 C:\xampp\htdocs\dmgt_ci4\system\CodeIgniter.php(320): CodeIgniter\CodeIgniter->handleRequest(NULL, Object(Config\Cache), false)
#4 C:\xampp\htdocs\dmgt_ci4\index.php(37): CodeIgniter\CodeIgniter->run()
#5 {main}
CRITICAL - 2022-01-31 02:19:08 --> Undefined variable: old_img_files
#0 C:\xampp\htdocs\dmgt_ci4\app\Controllers\Product.php(234): CodeIgniter\Debug\Exceptions->errorHandler(8, 'Undefined varia...', 'C:\\xampp\\htdocs...', 234, Array)
#1 C:\xampp\htdocs\dmgt_ci4\system\CodeIgniter.php(825): App\Controllers\Product->editSingleProduct()
#2 C:\xampp\htdocs\dmgt_ci4\system\CodeIgniter.php(412): CodeIgniter\CodeIgniter->runController(Object(App\Controllers\Product))
#3 C:\xampp\htdocs\dmgt_ci4\system\CodeIgniter.php(320): CodeIgniter\CodeIgniter->handleRequest(NULL, Object(Config\Cache), false)
#4 C:\xampp\htdocs\dmgt_ci4\index.php(37): CodeIgniter\CodeIgniter->run()
#5 {main}
CRITICAL - 2022-01-31 02:19:44 --> Undefined variable: old_img_files
#0 C:\xampp\htdocs\dmgt_ci4\app\Controllers\Product.php(234): CodeIgniter\Debug\Exceptions->errorHandler(8, 'Undefined varia...', 'C:\\xampp\\htdocs...', 234, Array)
#1 C:\xampp\htdocs\dmgt_ci4\system\CodeIgniter.php(825): App\Controllers\Product->editSingleProduct()
#2 C:\xampp\htdocs\dmgt_ci4\system\CodeIgniter.php(412): CodeIgniter\CodeIgniter->runController(Object(App\Controllers\Product))
#3 C:\xampp\htdocs\dmgt_ci4\system\CodeIgniter.php(320): CodeIgniter\CodeIgniter->handleRequest(NULL, Object(Config\Cache), false)
#4 C:\xampp\htdocs\dmgt_ci4\index.php(37): CodeIgniter\CodeIgniter->run()
#5 {main}
CRITICAL - 2022-01-31 02:26:48 --> Undefined variable: p_image
#0 C:\xampp\htdocs\dmgt_ci4\app\Controllers\Product.php(236): CodeIgniter\Debug\Exceptions->errorHandler(8, 'Undefined varia...', 'C:\\xampp\\htdocs...', 236, Array)
#1 C:\xampp\htdocs\dmgt_ci4\system\CodeIgniter.php(825): App\Controllers\Product->editSingleProduct()
#2 C:\xampp\htdocs\dmgt_ci4\system\CodeIgniter.php(412): CodeIgniter\CodeIgniter->runController(Object(App\Controllers\Product))
#3 C:\xampp\htdocs\dmgt_ci4\system\CodeIgniter.php(320): CodeIgniter\CodeIgniter->handleRequest(NULL, Object(Config\Cache), false)
#4 C:\xampp\htdocs\dmgt_ci4\index.php(37): CodeIgniter\CodeIgniter->run()
#5 {main}
CRITICAL - 2022-01-31 02:32:01 --> syntax error, unexpected '>', expecting identifier (T_STRING) or variable (T_VARIABLE) or '{' or '$'
#0 C:\xampp\htdocs\dmgt_ci4\system\Autoloader\Autoloader.php(241): CodeIgniter\Autoloader\Autoloader->includeFile('C:\\xampp\\htdocs...')
#1 C:\xampp\htdocs\dmgt_ci4\system\Autoloader\Autoloader.php(219): CodeIgniter\Autoloader\Autoloader->loadInNamespace('App\\Controllers...')
#2 [internal function]: CodeIgniter\Autoloader\Autoloader->loadClass('App\\Controllers...')
#3 [internal function]: spl_autoload_call('App\\Controllers...')
#4 C:\xampp\htdocs\dmgt_ci4\system\CodeIgniter.php(790): class_exists('\\App\\Controller...', true)
#5 C:\xampp\htdocs\dmgt_ci4\system\CodeIgniter.php(399): CodeIgniter\CodeIgniter->startController()
#6 C:\xampp\htdocs\dmgt_ci4\system\CodeIgniter.php(320): CodeIgniter\CodeIgniter->handleRequest(NULL, Object(Config\Cache), false)
#7 C:\xampp\htdocs\dmgt_ci4\index.php(37): CodeIgniter\CodeIgniter->run()
#8 {main}
CRITICAL - 2022-01-31 02:39:02 --> Undefined variable: file
#0 C:\xampp\htdocs\dmgt_ci4\app\Controllers\Product.php(185): CodeIgniter\Debug\Exceptions->errorHandler(8, 'Undefined varia...', 'C:\\xampp\\htdocs...', 185, Array)
#1 C:\xampp\htdocs\dmgt_ci4\system\CodeIgniter.php(825): App\Controllers\Product->editSingleProduct()
#2 C:\xampp\htdocs\dmgt_ci4\system\CodeIgniter.php(412): CodeIgniter\CodeIgniter->runController(Object(App\Controllers\Product))
#3 C:\xampp\htdocs\dmgt_ci4\system\CodeIgniter.php(320): CodeIgniter\CodeIgniter->handleRequest(NULL, Object(Config\Cache), false)
#4 C:\xampp\htdocs\dmgt_ci4\index.php(37): CodeIgniter\CodeIgniter->run()
#5 {main}
CRITICAL - 2022-01-31 02:39:13 --> Call to a member function getName() on array
#0 C:\xampp\htdocs\dmgt_ci4\system\CodeIgniter.php(825): App\Controllers\Product->editSingleProduct()
#1 C:\xampp\htdocs\dmgt_ci4\system\CodeIgniter.php(412): CodeIgniter\CodeIgniter->runController(Object(App\Controllers\Product))
#2 C:\xampp\htdocs\dmgt_ci4\system\CodeIgniter.php(320): CodeIgniter\CodeIgniter->handleRequest(NULL, Object(Config\Cache), false)
#3 C:\xampp\htdocs\dmgt_ci4\index.php(37): CodeIgniter\CodeIgniter->run()
#4 {main}
CRITICAL - 2022-01-31 02:40:03 --> Call to a member function getName() on array
#0 C:\xampp\htdocs\dmgt_ci4\system\CodeIgniter.php(825): App\Controllers\Product->editSingleProduct()
#1 C:\xampp\htdocs\dmgt_ci4\system\CodeIgniter.php(412): CodeIgniter\CodeIgniter->runController(Object(App\Controllers\Product))
#2 C:\xampp\htdocs\dmgt_ci4\system\CodeIgniter.php(320): CodeIgniter\CodeIgniter->handleRequest(NULL, Object(Config\Cache), false)
#3 C:\xampp\htdocs\dmgt_ci4\index.php(37): CodeIgniter\CodeIgniter->run()
#4 {main}
CRITICAL - 2022-01-31 02:54:36 --> Call to a member function isValid() on array
#0 C:\xampp\htdocs\dmgt_ci4\system\CodeIgniter.php(825): App\Controllers\Product->editSingleProduct()
#1 C:\xampp\htdocs\dmgt_ci4\system\CodeIgniter.php(412): CodeIgniter\CodeIgniter->runController(Object(App\Controllers\Product))
#2 C:\xampp\htdocs\dmgt_ci4\system\CodeIgniter.php(320): CodeIgniter\CodeIgniter->handleRequest(NULL, Object(Config\Cache), false)
#3 C:\xampp\htdocs\dmgt_ci4\index.php(37): CodeIgniter\CodeIgniter->run()
#4 {main}
CRITICAL - 2022-01-31 02:55:28 --> Call to a member function isValid() on array
#0 C:\xampp\htdocs\dmgt_ci4\system\CodeIgniter.php(825): App\Controllers\Product->editSingleProduct()
#1 C:\xampp\htdocs\dmgt_ci4\system\CodeIgniter.php(412): CodeIgniter\CodeIgniter->runController(Object(App\Controllers\Product))
#2 C:\xampp\htdocs\dmgt_ci4\system\CodeIgniter.php(320): CodeIgniter\CodeIgniter->handleRequest(NULL, Object(Config\Cache), false)
#3 C:\xampp\htdocs\dmgt_ci4\index.php(37): CodeIgniter\CodeIgniter->run()
#4 {main}
CRITICAL - 2022-01-31 02:57:23 --> Call to a member function isValid() on array
#0 C:\xampp\htdocs\dmgt_ci4\system\CodeIgniter.php(825): App\Controllers\Product->editSingleProduct()
#1 C:\xampp\htdocs\dmgt_ci4\system\CodeIgniter.php(412): CodeIgniter\CodeIgniter->runController(Object(App\Controllers\Product))
#2 C:\xampp\htdocs\dmgt_ci4\system\CodeIgniter.php(320): CodeIgniter\CodeIgniter->handleRequest(NULL, Object(Config\Cache), false)
#3 C:\xampp\htdocs\dmgt_ci4\index.php(37): CodeIgniter\CodeIgniter->run()
#4 {main}
CRITICAL - 2022-01-31 02:58:06 --> Call to a member function isValid() on array
#0 C:\xampp\htdocs\dmgt_ci4\system\CodeIgniter.php(825): App\Controllers\Product->editSingleProduct()
#1 C:\xampp\htdocs\dmgt_ci4\system\CodeIgniter.php(412): CodeIgniter\CodeIgniter->runController(Object(App\Controllers\Product))
#2 C:\xampp\htdocs\dmgt_ci4\system\CodeIgniter.php(320): CodeIgniter\CodeIgniter->handleRequest(NULL, Object(Config\Cache), false)
#3 C:\xampp\htdocs\dmgt_ci4\index.php(37): CodeIgniter\CodeIgniter->run()
#4 {main}
CRITICAL - 2022-01-31 02:59:03 --> Call to a member function isValid() on array
#0 C:\xampp\htdocs\dmgt_ci4\system\CodeIgniter.php(825): App\Controllers\Product->editSingleProduct()
#1 C:\xampp\htdocs\dmgt_ci4\system\CodeIgniter.php(412): CodeIgniter\CodeIgniter->runController(Object(App\Controllers\Product))
#2 C:\xampp\htdocs\dmgt_ci4\system\CodeIgniter.php(320): CodeIgniter\CodeIgniter->handleRequest(NULL, Object(Config\Cache), false)
#3 C:\xampp\htdocs\dmgt_ci4\index.php(37): CodeIgniter\CodeIgniter->run()
#4 {main}
CRITICAL - 2022-01-31 02:59:44 --> Call to a member function isValid() on array
#0 C:\xampp\htdocs\dmgt_ci4\system\CodeIgniter.php(825): App\Controllers\Product->editSingleProduct()
#1 C:\xampp\htdocs\dmgt_ci4\system\CodeIgniter.php(412): CodeIgniter\CodeIgniter->runController(Object(App\Controllers\Product))
#2 C:\xampp\htdocs\dmgt_ci4\system\CodeIgniter.php(320): CodeIgniter\CodeIgniter->handleRequest(NULL, Object(Config\Cache), false)
#3 C:\xampp\htdocs\dmgt_ci4\index.php(37): CodeIgniter\CodeIgniter->run()
#4 {main}
CRITICAL - 2022-01-31 03:00:50 --> Call to a member function isValid() on array
#0 C:\xampp\htdocs\dmgt_ci4\system\CodeIgniter.php(825): App\Controllers\Product->editSingleProduct()
#1 C:\xampp\htdocs\dmgt_ci4\system\CodeIgniter.php(412): CodeIgniter\CodeIgniter->runController(Object(App\Controllers\Product))
#2 C:\xampp\htdocs\dmgt_ci4\system\CodeIgniter.php(320): CodeIgniter\CodeIgniter->handleRequest(NULL, Object(Config\Cache), false)
#3 C:\xampp\htdocs\dmgt_ci4\index.php(37): CodeIgniter\CodeIgniter->run()
#4 {main}
CRITICAL - 2022-01-31 03:01:49 --> Call to a member function isValid() on array
#0 C:\xampp\htdocs\dmgt_ci4\system\CodeIgniter.php(825): App\Controllers\Product->editSingleProduct()
#1 C:\xampp\htdocs\dmgt_ci4\system\CodeIgniter.php(412): CodeIgniter\CodeIgniter->runController(Object(App\Controllers\Product))
#2 C:\xampp\htdocs\dmgt_ci4\system\CodeIgniter.php(320): CodeIgniter\CodeIgniter->handleRequest(NULL, Object(Config\Cache), false)
#3 C:\xampp\htdocs\dmgt_ci4\index.php(37): CodeIgniter\CodeIgniter->run()
#4 {main}
CRITICAL - 2022-01-31 03:02:16 --> Call to a member function isValid() on array
#0 C:\xampp\htdocs\dmgt_ci4\system\CodeIgniter.php(825): App\Controllers\Product->editSingleProduct()
#1 C:\xampp\htdocs\dmgt_ci4\system\CodeIgniter.php(412): CodeIgniter\CodeIgniter->runController(Object(App\Controllers\Product))
#2 C:\xampp\htdocs\dmgt_ci4\system\CodeIgniter.php(320): CodeIgniter\CodeIgniter->handleRequest(NULL, Object(Config\Cache), false)
#3 C:\xampp\htdocs\dmgt_ci4\index.php(37): CodeIgniter\CodeIgniter->run()
#4 {main}
CRITICAL - 2022-01-31 03:03:56 --> Call to a member function getClientName() on array
#0 C:\xampp\htdocs\dmgt_ci4\system\CodeIgniter.php(825): App\Controllers\Product->editSingleProduct()
#1 C:\xampp\htdocs\dmgt_ci4\system\CodeIgniter.php(412): CodeIgniter\CodeIgniter->runController(Object(App\Controllers\Product))
#2 C:\xampp\htdocs\dmgt_ci4\system\CodeIgniter.php(320): CodeIgniter\CodeIgniter->handleRequest(NULL, Object(Config\Cache), false)
#3 C:\xampp\htdocs\dmgt_ci4\index.php(37): CodeIgniter\CodeIgniter->run()
#4 {main}
CRITICAL - 2022-01-31 03:04:08 --> Call to a member function getClientName() on array
#0 C:\xampp\htdocs\dmgt_ci4\system\CodeIgniter.php(825): App\Controllers\Product->editSingleProduct()
#1 C:\xampp\htdocs\dmgt_ci4\system\CodeIgniter.php(412): CodeIgniter\CodeIgniter->runController(Object(App\Controllers\Product))
#2 C:\xampp\htdocs\dmgt_ci4\system\CodeIgniter.php(320): CodeIgniter\CodeIgniter->handleRequest(NULL, Object(Config\Cache), false)
#3 C:\xampp\htdocs\dmgt_ci4\index.php(37): CodeIgniter\CodeIgniter->run()
#4 {main}
CRITICAL - 2022-01-31 03:06:31 --> Call to a member function fileName() on array
#0 C:\xampp\htdocs\dmgt_ci4\system\CodeIgniter.php(825): App\Controllers\Product->editSingleProduct()
#1 C:\xampp\htdocs\dmgt_ci4\system\CodeIgniter.php(412): CodeIgniter\CodeIgniter->runController(Object(App\Controllers\Product))
#2 C:\xampp\htdocs\dmgt_ci4\system\CodeIgniter.php(320): CodeIgniter\CodeIgniter->handleRequest(NULL, Object(Config\Cache), false)
#3 C:\xampp\htdocs\dmgt_ci4\index.php(37): CodeIgniter\CodeIgniter->run()
#4 {main}
CRITICAL - 2022-01-31 03:06:43 --> syntax error, unexpected ';', expecting ')'
#0 C:\xampp\htdocs\dmgt_ci4\system\Autoloader\Autoloader.php(241): CodeIgniter\Autoloader\Autoloader->includeFile('C:\\xampp\\htdocs...')
#1 C:\xampp\htdocs\dmgt_ci4\system\Autoloader\Autoloader.php(219): CodeIgniter\Autoloader\Autoloader->loadInNamespace('App\\Controllers...')
#2 [internal function]: CodeIgniter\Autoloader\Autoloader->loadClass('App\\Controllers...')
#3 [internal function]: spl_autoload_call('App\\Controllers...')
#4 C:\xampp\htdocs\dmgt_ci4\system\CodeIgniter.php(790): class_exists('\\App\\Controller...', true)
#5 C:\xampp\htdocs\dmgt_ci4\system\CodeIgniter.php(399): CodeIgniter\CodeIgniter->startController()
#6 C:\xampp\htdocs\dmgt_ci4\system\CodeIgniter.php(320): CodeIgniter\CodeIgniter->handleRequest(NULL, Object(Config\Cache), false)
#7 C:\xampp\htdocs\dmgt_ci4\index.php(37): CodeIgniter\CodeIgniter->run()
#8 {main}
CRITICAL - 2022-01-31 03:06:55 --> Trying to get property 'fileName' of non-object
#0 C:\xampp\htdocs\dmgt_ci4\app\Controllers\Product.php(187): CodeIgniter\Debug\Exceptions->errorHandler(8, 'Trying to get p...', 'C:\\xampp\\htdocs...', 187, Array)
#1 C:\xampp\htdocs\dmgt_ci4\system\CodeIgniter.php(825): App\Controllers\Product->editSingleProduct()
#2 C:\xampp\htdocs\dmgt_ci4\system\CodeIgniter.php(412): CodeIgniter\CodeIgniter->runController(Object(App\Controllers\Product))
#3 C:\xampp\htdocs\dmgt_ci4\system\CodeIgniter.php(320): CodeIgniter\CodeIgniter->handleRequest(NULL, Object(Config\Cache), false)
#4 C:\xampp\htdocs\dmgt_ci4\index.php(37): CodeIgniter\CodeIgniter->run()
#5 {main}
CRITICAL - 2022-01-31 03:07:18 --> Undefined index: fileName
#0 C:\xampp\htdocs\dmgt_ci4\app\Controllers\Product.php(187): CodeIgniter\Debug\Exceptions->errorHandler(8, 'Undefined index...', 'C:\\xampp\\htdocs...', 187, Array)
#1 C:\xampp\htdocs\dmgt_ci4\system\CodeIgniter.php(825): App\Controllers\Product->editSingleProduct()
#2 C:\xampp\htdocs\dmgt_ci4\system\CodeIgniter.php(412): CodeIgniter\CodeIgniter->runController(Object(App\Controllers\Product))
#3 C:\xampp\htdocs\dmgt_ci4\system\CodeIgniter.php(320): CodeIgniter\CodeIgniter->handleRequest(NULL, Object(Config\Cache), false)
#4 C:\xampp\htdocs\dmgt_ci4\index.php(37): CodeIgniter\CodeIgniter->run()
#5 {main}
CRITICAL - 2022-01-31 03:07:39 --> Call to a member function fileName() on array
#0 C:\xampp\htdocs\dmgt_ci4\system\CodeIgniter.php(825): App\Controllers\Product->editSingleProduct()
#1 C:\xampp\htdocs\dmgt_ci4\system\CodeIgniter.php(412): CodeIgniter\CodeIgniter->runController(Object(App\Controllers\Product))
#2 C:\xampp\htdocs\dmgt_ci4\system\CodeIgniter.php(320): CodeIgniter\CodeIgniter->handleRequest(NULL, Object(Config\Cache), false)
#3 C:\xampp\htdocs\dmgt_ci4\index.php(37): CodeIgniter\CodeIgniter->run()
#4 {main}
CRITICAL - 2022-01-31 03:07:49 --> Call to a member function fileName() on array
#0 C:\xampp\htdocs\dmgt_ci4\system\CodeIgniter.php(825): App\Controllers\Product->editSingleProduct()
#1 C:\xampp\htdocs\dmgt_ci4\system\CodeIgniter.php(412): CodeIgniter\CodeIgniter->runController(Object(App\Controllers\Product))
#2 C:\xampp\htdocs\dmgt_ci4\system\CodeIgniter.php(320): CodeIgniter\CodeIgniter->handleRequest(NULL, Object(Config\Cache), false)
#3 C:\xampp\htdocs\dmgt_ci4\index.php(37): CodeIgniter\CodeIgniter->run()
#4 {main}
CRITICAL - 2022-01-31 03:10:19 --> Call to a member function getName() on array
#0 C:\xampp\htdocs\dmgt_ci4\system\CodeIgniter.php(825): App\Controllers\Product->editSingleProduct()
#1 C:\xampp\htdocs\dmgt_ci4\system\CodeIgniter.php(412): CodeIgniter\CodeIgniter->runController(Object(App\Controllers\Product))
#2 C:\xampp\htdocs\dmgt_ci4\system\CodeIgniter.php(320): CodeIgniter\CodeIgniter->handleRequest(NULL, Object(Config\Cache), false)
#3 C:\xampp\htdocs\dmgt_ci4\index.php(37): CodeIgniter\CodeIgniter->run()
#4 {main}
CRITICAL - 2022-01-31 03:10:32 --> Call to a member function getName() on array
#0 C:\xampp\htdocs\dmgt_ci4\system\CodeIgniter.php(825): App\Controllers\Product->editSingleProduct()
#1 C:\xampp\htdocs\dmgt_ci4\system\CodeIgniter.php(412): CodeIgniter\CodeIgniter->runController(Object(App\Controllers\Product))
#2 C:\xampp\htdocs\dmgt_ci4\system\CodeIgniter.php(320): CodeIgniter\CodeIgniter->handleRequest(NULL, Object(Config\Cache), false)
#3 C:\xampp\htdocs\dmgt_ci4\index.php(37): CodeIgniter\CodeIgniter->run()
#4 {main}
CRITICAL - 2022-01-31 03:11:13 --> Call to a member function getName() on array
#0 C:\xampp\htdocs\dmgt_ci4\system\CodeIgniter.php(825): App\Controllers\Product->editSingleProduct()
#1 C:\xampp\htdocs\dmgt_ci4\system\CodeIgniter.php(412): CodeIgniter\CodeIgniter->runController(Object(App\Controllers\Product))
#2 C:\xampp\htdocs\dmgt_ci4\system\CodeIgniter.php(320): CodeIgniter\CodeIgniter->handleRequest(NULL, Object(Config\Cache), false)
#3 C:\xampp\htdocs\dmgt_ci4\index.php(37): CodeIgniter\CodeIgniter->run()
#4 {main}
CRITICAL - 2022-01-31 03:11:19 --> Call to a member function getName() on array
#0 C:\xampp\htdocs\dmgt_ci4\system\CodeIgniter.php(825): App\Controllers\Product->editSingleProduct()
#1 C:\xampp\htdocs\dmgt_ci4\system\CodeIgniter.php(412): CodeIgniter\CodeIgniter->runController(Object(App\Controllers\Product))
#2 C:\xampp\htdocs\dmgt_ci4\system\CodeIgniter.php(320): CodeIgniter\CodeIgniter->handleRequest(NULL, Object(Config\Cache), false)
#3 C:\xampp\htdocs\dmgt_ci4\index.php(37): CodeIgniter\CodeIgniter->run()
#4 {main}
CRITICAL - 2022-01-31 03:12:13 --> syntax error, unexpected 'echo' (T_ECHO)
#0 C:\xampp\htdocs\dmgt_ci4\system\Autoloader\Autoloader.php(241): CodeIgniter\Autoloader\Autoloader->includeFile('C:\\xampp\\htdocs...')
#1 C:\xampp\htdocs\dmgt_ci4\system\Autoloader\Autoloader.php(219): CodeIgniter\Autoloader\Autoloader->loadInNamespace('App\\Controllers...')
#2 [internal function]: CodeIgniter\Autoloader\Autoloader->loadClass('App\\Controllers...')
#3 [internal function]: spl_autoload_call('App\\Controllers...')
#4 C:\xampp\htdocs\dmgt_ci4\system\CodeIgniter.php(790): class_exists('\\App\\Controller...', true)
#5 C:\xampp\htdocs\dmgt_ci4\system\CodeIgniter.php(399): CodeIgniter\CodeIgniter->startController()
#6 C:\xampp\htdocs\dmgt_ci4\system\CodeIgniter.php(320): CodeIgniter\CodeIgniter->handleRequest(NULL, Object(Config\Cache), false)
#7 C:\xampp\htdocs\dmgt_ci4\index.php(37): CodeIgniter\CodeIgniter->run()
#8 {main}
CRITICAL - 2022-01-31 03:12:22 --> Call to a member function getName() on array
#0 C:\xampp\htdocs\dmgt_ci4\system\CodeIgniter.php(825): App\Controllers\Product->editSingleProduct()
#1 C:\xampp\htdocs\dmgt_ci4\system\CodeIgniter.php(412): CodeIgniter\CodeIgniter->runController(Object(App\Controllers\Product))
#2 C:\xampp\htdocs\dmgt_ci4\system\CodeIgniter.php(320): CodeIgniter\CodeIgniter->handleRequest(NULL, Object(Config\Cache), false)
#3 C:\xampp\htdocs\dmgt_ci4\index.php(37): CodeIgniter\CodeIgniter->run()
#4 {main}
CRITICAL - 2022-01-31 03:15:00 --> Trying to get property 'name' of non-object
#0 C:\xampp\htdocs\dmgt_ci4\app\Controllers\Product.php(187): CodeIgniter\Debug\Exceptions->errorHandler(8, 'Trying to get p...', 'C:\\xampp\\htdocs...', 187, Array)
#1 C:\xampp\htdocs\dmgt_ci4\system\CodeIgniter.php(825): App\Controllers\Product->editSingleProduct()
#2 C:\xampp\htdocs\dmgt_ci4\system\CodeIgniter.php(412): CodeIgniter\CodeIgniter->runController(Object(App\Controllers\Product))
#3 C:\xampp\htdocs\dmgt_ci4\system\CodeIgniter.php(320): CodeIgniter\CodeIgniter->handleRequest(NULL, Object(Config\Cache), false)
#4 C:\xampp\htdocs\dmgt_ci4\index.php(37): CodeIgniter\CodeIgniter->run()
#5 {main}
CRITICAL - 2022-01-31 03:15:26 --> syntax error, unexpected '[', expecting identifier (T_STRING) or variable (T_VARIABLE) or '{' or '$'
#0 C:\xampp\htdocs\dmgt_ci4\system\Autoloader\Autoloader.php(241): CodeIgniter\Autoloader\Autoloader->includeFile('C:\\xampp\\htdocs...')
#1 C:\xampp\htdocs\dmgt_ci4\system\Autoloader\Autoloader.php(219): CodeIgniter\Autoloader\Autoloader->loadInNamespace('App\\Controllers...')
#2 [internal function]: CodeIgniter\Autoloader\Autoloader->loadClass('App\\Controllers...')
#3 [internal function]: spl_autoload_call('App\\Controllers...')
#4 C:\xampp\htdocs\dmgt_ci4\system\CodeIgniter.php(790): class_exists('\\App\\Controller...', true)
#5 C:\xampp\htdocs\dmgt_ci4\system\CodeIgniter.php(399): CodeIgniter\CodeIgniter->startController()
#6 C:\xampp\htdocs\dmgt_ci4\system\CodeIgniter.php(320): CodeIgniter\CodeIgniter->handleRequest(NULL, Object(Config\Cache), false)
#7 C:\xampp\htdocs\dmgt_ci4\index.php(37): CodeIgniter\CodeIgniter->run()
#8 {main}
CRITICAL - 2022-01-31 03:15:37 --> Undefined index: name
#0 C:\xampp\htdocs\dmgt_ci4\app\Controllers\Product.php(187): CodeIgniter\Debug\Exceptions->errorHandler(8, 'Undefined index...', 'C:\\xampp\\htdocs...', 187, Array)
#1 C:\xampp\htdocs\dmgt_ci4\system\CodeIgniter.php(825): App\Controllers\Product->editSingleProduct()
#2 C:\xampp\htdocs\dmgt_ci4\system\CodeIgniter.php(412): CodeIgniter\CodeIgniter->runController(Object(App\Controllers\Product))
#3 C:\xampp\htdocs\dmgt_ci4\system\CodeIgniter.php(320): CodeIgniter\CodeIgniter->handleRequest(NULL, Object(Config\Cache), false)
#4 C:\xampp\htdocs\dmgt_ci4\index.php(37): CodeIgniter\CodeIgniter->run()
#5 {main}
CRITICAL - 2022-01-31 03:16:03 --> Trying to get property 'name' of non-object
#0 C:\xampp\htdocs\dmgt_ci4\app\Controllers\Product.php(187): CodeIgniter\Debug\Exceptions->errorHandler(8, 'Trying to get p...', 'C:\\xampp\\htdocs...', 187, Array)
#1 C:\xampp\htdocs\dmgt_ci4\system\CodeIgniter.php(825): App\Controllers\Product->editSingleProduct()
#2 C:\xampp\htdocs\dmgt_ci4\system\CodeIgniter.php(412): CodeIgniter\CodeIgniter->runController(Object(App\Controllers\Product))
#3 C:\xampp\htdocs\dmgt_ci4\system\CodeIgniter.php(320): CodeIgniter\CodeIgniter->handleRequest(NULL, Object(Config\Cache), false)
#4 C:\xampp\htdocs\dmgt_ci4\index.php(37): CodeIgniter\CodeIgniter->run()
#5 {main}
CRITICAL - 2022-01-31 03:16:11 --> Call to a member function name() on array
#0 C:\xampp\htdocs\dmgt_ci4\system\CodeIgniter.php(825): App\Controllers\Product->editSingleProduct()
#1 C:\xampp\htdocs\dmgt_ci4\system\CodeIgniter.php(412): CodeIgniter\CodeIgniter->runController(Object(App\Controllers\Product))
#2 C:\xampp\htdocs\dmgt_ci4\system\CodeIgniter.php(320): CodeIgniter\CodeIgniter->handleRequest(NULL, Object(Config\Cache), false)
#3 C:\xampp\htdocs\dmgt_ci4\index.php(37): CodeIgniter\CodeIgniter->run()
#4 {main}
CRITICAL - 2022-01-31 03:16:28 --> Call to a member function getName() on array
#0 C:\xampp\htdocs\dmgt_ci4\system\CodeIgniter.php(825): App\Controllers\Product->editSingleProduct()
#1 C:\xampp\htdocs\dmgt_ci4\system\CodeIgniter.php(412): CodeIgniter\CodeIgniter->runController(Object(App\Controllers\Product))
#2 C:\xampp\htdocs\dmgt_ci4\system\CodeIgniter.php(320): CodeIgniter\CodeIgniter->handleRequest(NULL, Object(Config\Cache), false)
#3 C:\xampp\htdocs\dmgt_ci4\index.php(37): CodeIgniter\CodeIgniter->run()
#4 {main}
CRITICAL - 2022-01-31 03:16:50 --> syntax error, unexpected ';', expecting ')'
#0 C:\xampp\htdocs\dmgt_ci4\system\Autoloader\Autoloader.php(241): CodeIgniter\Autoloader\Autoloader->includeFile('C:\\xampp\\htdocs...')
#1 C:\xampp\htdocs\dmgt_ci4\system\Autoloader\Autoloader.php(219): CodeIgniter\Autoloader\Autoloader->loadInNamespace('App\\Controllers...')
#2 [internal function]: CodeIgniter\Autoloader\Autoloader->loadClass('App\\Controllers...')
#3 [internal function]: spl_autoload_call('App\\Controllers...')
#4 C:\xampp\htdocs\dmgt_ci4\system\CodeIgniter.php(790): class_exists('\\App\\Controller...', true)
#5 C:\xampp\htdocs\dmgt_ci4\system\CodeIgniter.php(399): CodeIgniter\CodeIgniter->startController()
#6 C:\xampp\htdocs\dmgt_ci4\system\CodeIgniter.php(320): CodeIgniter\CodeIgniter->handleRequest(NULL, Object(Config\Cache), false)
#7 C:\xampp\htdocs\dmgt_ci4\index.php(37): CodeIgniter\CodeIgniter->run()
#8 {main}
CRITICAL - 2022-01-31 03:17:02 --> Call to a member function getClientName() on array
#0 C:\xampp\htdocs\dmgt_ci4\system\CodeIgniter.php(825): App\Controllers\Product->editSingleProduct()
#1 C:\xampp\htdocs\dmgt_ci4\system\CodeIgniter.php(412): CodeIgniter\CodeIgniter->runController(Object(App\Controllers\Product))
#2 C:\xampp\htdocs\dmgt_ci4\system\CodeIgniter.php(320): CodeIgniter\CodeIgniter->handleRequest(NULL, Object(Config\Cache), false)
#3 C:\xampp\htdocs\dmgt_ci4\index.php(37): CodeIgniter\CodeIgniter->run()
#4 {main}
CRITICAL - 2022-01-31 03:17:53 --> Call to a member function getClientName() on array
#0 C:\xampp\htdocs\dmgt_ci4\system\CodeIgniter.php(825): App\Controllers\Product->editSingleProduct()
#1 C:\xampp\htdocs\dmgt_ci4\system\CodeIgniter.php(412): CodeIgniter\CodeIgniter->runController(Object(App\Controllers\Product))
#2 C:\xampp\htdocs\dmgt_ci4\system\CodeIgniter.php(320): CodeIgniter\CodeIgniter->handleRequest(NULL, Object(Config\Cache), false)
#3 C:\xampp\htdocs\dmgt_ci4\index.php(37): CodeIgniter\CodeIgniter->run()
#4 {main}
CRITICAL - 2022-01-31 03:18:01 --> Call to a member function getClientName() on array
#0 C:\xampp\htdocs\dmgt_ci4\system\CodeIgniter.php(825): App\Controllers\Product->editSingleProduct()
#1 C:\xampp\htdocs\dmgt_ci4\system\CodeIgniter.php(412): CodeIgniter\CodeIgniter->runController(Object(App\Controllers\Product))
#2 C:\xampp\htdocs\dmgt_ci4\system\CodeIgniter.php(320): CodeIgniter\CodeIgniter->handleRequest(NULL, Object(Config\Cache), false)
#3 C:\xampp\htdocs\dmgt_ci4\index.php(37): CodeIgniter\CodeIgniter->run()
#4 {main}
CRITICAL - 2022-01-31 03:42:21 --> Undefined variable: files
#0 C:\xampp\htdocs\dmgt_ci4\app\Controllers\Product.php(186): CodeIgniter\Debug\Exceptions->errorHandler(8, 'Undefined varia...', 'C:\\xampp\\htdocs...', 186, Array)
#1 C:\xampp\htdocs\dmgt_ci4\system\CodeIgniter.php(825): App\Controllers\Product->editSingleProduct()
#2 C:\xampp\htdocs\dmgt_ci4\system\CodeIgniter.php(412): CodeIgniter\CodeIgniter->runController(Object(App\Controllers\Product))
#3 C:\xampp\htdocs\dmgt_ci4\system\CodeIgniter.php(320): CodeIgniter\CodeIgniter->handleRequest(NULL, Object(Config\Cache), false)
#4 C:\xampp\htdocs\dmgt_ci4\index.php(37): CodeIgniter\CodeIgniter->run()
#5 {main}
CRITICAL - 2022-01-31 03:43:56 --> array_push() expects parameter 1 to be array, string given
#0 [internal function]: CodeIgniter\Debug\Exceptions->errorHandler(2, 'array_push() ex...', 'C:\\xampp\\htdocs...', 201, Array)
#1 C:\xampp\htdocs\dmgt_ci4\app\Controllers\Product.php(201): array_push('aboutus_MESHREF...', '')
#2 C:\xampp\htdocs\dmgt_ci4\system\CodeIgniter.php(825): App\Controllers\Product->editSingleProduct()
#3 C:\xampp\htdocs\dmgt_ci4\system\CodeIgniter.php(412): CodeIgniter\CodeIgniter->runController(Object(App\Controllers\Product))
#4 C:\xampp\htdocs\dmgt_ci4\system\CodeIgniter.php(320): CodeIgniter\CodeIgniter->handleRequest(NULL, Object(Config\Cache), false)
#5 C:\xampp\htdocs\dmgt_ci4\index.php(37): CodeIgniter\CodeIgniter->run()
#6 {main}
CRITICAL - 2022-01-31 03:45:38 --> syntax error, unexpected '}'
#0 C:\xampp\htdocs\dmgt_ci4\system\Autoloader\Autoloader.php(241): CodeIgniter\Autoloader\Autoloader->includeFile('C:\\xampp\\htdocs...')
#1 C:\xampp\htdocs\dmgt_ci4\system\Autoloader\Autoloader.php(219): CodeIgniter\Autoloader\Autoloader->loadInNamespace('App\\Controllers...')
#2 [internal function]: CodeIgniter\Autoloader\Autoloader->loadClass('App\\Controllers...')
#3 [internal function]: spl_autoload_call('App\\Controllers...')
#4 C:\xampp\htdocs\dmgt_ci4\system\CodeIgniter.php(790): class_exists('\\App\\Controller...', true)
#5 C:\xampp\htdocs\dmgt_ci4\system\CodeIgniter.php(399): CodeIgniter\CodeIgniter->startController()
#6 C:\xampp\htdocs\dmgt_ci4\system\CodeIgniter.php(320): CodeIgniter\CodeIgniter->handleRequest(NULL, Object(Config\Cache), false)
#7 C:\xampp\htdocs\dmgt_ci4\index.php(37): CodeIgniter\CodeIgniter->run()
#8 {main}
CRITICAL - 2022-01-31 03:51:22 --> syntax error, unexpected '}'
#0 C:\xampp\htdocs\dmgt_ci4\system\Autoloader\Autoloader.php(241): CodeIgniter\Autoloader\Autoloader->includeFile('C:\\xampp\\htdocs...')
#1 C:\xampp\htdocs\dmgt_ci4\system\Autoloader\Autoloader.php(219): CodeIgniter\Autoloader\Autoloader->loadInNamespace('App\\Controllers...')
#2 [internal function]: CodeIgniter\Autoloader\Autoloader->loadClass('App\\Controllers...')
#3 [internal function]: spl_autoload_call('App\\Controllers...')
#4 C:\xampp\htdocs\dmgt_ci4\system\CodeIgniter.php(790): class_exists('\\App\\Controller...', true)
#5 C:\xampp\htdocs\dmgt_ci4\system\CodeIgniter.php(399): CodeIgniter\CodeIgniter->startController()
#6 C:\xampp\htdocs\dmgt_ci4\system\CodeIgniter.php(320): CodeIgniter\CodeIgniter->handleRequest(NULL, Object(Config\Cache), false)
#7 C:\xampp\htdocs\dmgt_ci4\index.php(37): CodeIgniter\CodeIgniter->run()
#8 {main}
CRITICAL - 2022-01-31 03:51:34 --> implode(): Invalid arguments passed
#0 [internal function]: CodeIgniter\Debug\Exceptions->errorHandler(2, 'implode(): Inva...', 'C:\\xampp\\htdocs...', 207, Array)
#1 C:\xampp\htdocs\dmgt_ci4\app\Controllers\Product.php(207): implode(' ,', 'aboutus_MESHREF...')
#2 C:\xampp\htdocs\dmgt_ci4\system\CodeIgniter.php(825): App\Controllers\Product->editSingleProduct()
#3 C:\xampp\htdocs\dmgt_ci4\system\CodeIgniter.php(412): CodeIgniter\CodeIgniter->runController(Object(App\Controllers\Product))
#4 C:\xampp\htdocs\dmgt_ci4\system\CodeIgniter.php(320): CodeIgniter\CodeIgniter->handleRequest(NULL, Object(Config\Cache), false)
#5 C:\xampp\htdocs\dmgt_ci4\index.php(37): CodeIgniter\CodeIgniter->run()
#6 {main}
CRITICAL - 2022-01-31 03:51:54 --> Undefined variable: img
#0 C:\xampp\htdocs\dmgt_ci4\app\Controllers\Product.php(235): CodeIgniter\Debug\Exceptions->errorHandler(8, 'Undefined varia...', 'C:\\xampp\\htdocs...', 235, Array)
#1 C:\xampp\htdocs\dmgt_ci4\system\CodeIgniter.php(825): App\Controllers\Product->editSingleProduct()
#2 C:\xampp\htdocs\dmgt_ci4\system\CodeIgniter.php(412): CodeIgniter\CodeIgniter->runController(Object(App\Controllers\Product))
#3 C:\xampp\htdocs\dmgt_ci4\system\CodeIgniter.php(320): CodeIgniter\CodeIgniter->handleRequest(NULL, Object(Config\Cache), false)
#4 C:\xampp\htdocs\dmgt_ci4\index.php(37): CodeIgniter\CodeIgniter->run()
#5 {main}
CRITICAL - 2022-01-31 03:52:44 --> Undefined variable: img
#0 C:\xampp\htdocs\dmgt_ci4\app\Controllers\Product.php(235): CodeIgniter\Debug\Exceptions->errorHandler(8, 'Undefined varia...', 'C:\\xampp\\htdocs...', 235, Array)
#1 C:\xampp\htdocs\dmgt_ci4\system\CodeIgniter.php(825): App\Controllers\Product->editSingleProduct()
#2 C:\xampp\htdocs\dmgt_ci4\system\CodeIgniter.php(412): CodeIgniter\CodeIgniter->runController(Object(App\Controllers\Product))
#3 C:\xampp\htdocs\dmgt_ci4\system\CodeIgniter.php(320): CodeIgniter\CodeIgniter->handleRequest(NULL, Object(Config\Cache), false)
#4 C:\xampp\htdocs\dmgt_ci4\index.php(37): CodeIgniter\CodeIgniter->run()
#5 {main}
CRITICAL - 2022-01-31 03:53:27 --> implode(): Invalid arguments passed
#0 [internal function]: CodeIgniter\Debug\Exceptions->errorHandler(2, 'implode(): Inva...', 'C:\\xampp\\htdocs...', 208, Array)
#1 C:\xampp\htdocs\dmgt_ci4\app\Controllers\Product.php(208): implode(' ,', 'aboutus_MESHREF...')
#2 C:\xampp\htdocs\dmgt_ci4\system\CodeIgniter.php(825): App\Controllers\Product->editSingleProduct()
#3 C:\xampp\htdocs\dmgt_ci4\system\CodeIgniter.php(412): CodeIgniter\CodeIgniter->runController(Object(App\Controllers\Product))
#4 C:\xampp\htdocs\dmgt_ci4\system\CodeIgniter.php(320): CodeIgniter\CodeIgniter->handleRequest(NULL, Object(Config\Cache), false)
#5 C:\xampp\htdocs\dmgt_ci4\index.php(37): CodeIgniter\CodeIgniter->run()
#6 {main}
CRITICAL - 2022-01-31 03:54:01 --> implode(): Invalid arguments passed
#0 [internal function]: CodeIgniter\Debug\Exceptions->errorHandler(2, 'implode(): Inva...', 'C:\\xampp\\htdocs...', 208, Array)
#1 C:\xampp\htdocs\dmgt_ci4\app\Controllers\Product.php(208): implode(' ,', 'aboutus_MESHREF...')
#2 C:\xampp\htdocs\dmgt_ci4\system\CodeIgniter.php(825): App\Controllers\Product->editSingleProduct()
#3 C:\xampp\htdocs\dmgt_ci4\system\CodeIgniter.php(412): CodeIgniter\CodeIgniter->runController(Object(App\Controllers\Product))
#4 C:\xampp\htdocs\dmgt_ci4\system\CodeIgniter.php(320): CodeIgniter\CodeIgniter->handleRequest(NULL, Object(Config\Cache), false)
#5 C:\xampp\htdocs\dmgt_ci4\index.php(37): CodeIgniter\CodeIgniter->run()
#6 {main}
CRITICAL - 2022-01-31 03:54:33 --> Undefined variable: img
#0 C:\xampp\htdocs\dmgt_ci4\app\Controllers\Product.php(233): CodeIgniter\Debug\Exceptions->errorHandler(8, 'Undefined varia...', 'C:\\xampp\\htdocs...', 233, Array)
#1 C:\xampp\htdocs\dmgt_ci4\system\CodeIgniter.php(825): App\Controllers\Product->editSingleProduct()
#2 C:\xampp\htdocs\dmgt_ci4\system\CodeIgniter.php(412): CodeIgniter\CodeIgniter->runController(Object(App\Controllers\Product))
#3 C:\xampp\htdocs\dmgt_ci4\system\CodeIgniter.php(320): CodeIgniter\CodeIgniter->handleRequest(NULL, Object(Config\Cache), false)
#4 C:\xampp\htdocs\dmgt_ci4\index.php(37): CodeIgniter\CodeIgniter->run()
#5 {main}
CRITICAL - 2022-01-31 04:12:51 --> Undefined variable: res
#0 C:\xampp\htdocs\dmgt_ci4\app\Controllers\Product.php(232): CodeIgniter\Debug\Exceptions->errorHandler(8, 'Undefined varia...', 'C:\\xampp\\htdocs...', 232, Array)
#1 C:\xampp\htdocs\dmgt_ci4\system\CodeIgniter.php(825): App\Controllers\Product->editSingleProduct()
#2 C:\xampp\htdocs\dmgt_ci4\system\CodeIgniter.php(412): CodeIgniter\CodeIgniter->runController(Object(App\Controllers\Product))
#3 C:\xampp\htdocs\dmgt_ci4\system\CodeIgniter.php(320): CodeIgniter\CodeIgniter->handleRequest(NULL, Object(Config\Cache), false)
#4 C:\xampp\htdocs\dmgt_ci4\index.php(37): CodeIgniter\CodeIgniter->run()
#5 {main}
