CRITICAL - 2022-02-06 23:14:22 --> Undefined variable: brand_data
#0 C:\xampp\htdocs\dmgt_ci4\app\Views\frontend\home.php(5): CodeIgniter\Debug\Exceptions->errorHandler(8, 'Undefined varia...', 'C:\\xampp\\htdocs...', 5, Array)
#1 C:\xampp\htdocs\dmgt_ci4\system\View\View.php(210): include('C:\\xampp\\htdocs...')
#2 C:\xampp\htdocs\dmgt_ci4\system\View\View.php(213): CodeIgniter\View\View->CodeIgniter\View\{closure}()
#3 C:\xampp\htdocs\dmgt_ci4\system\Common.php(1089): CodeIgniter\View\View->render('frontend/home', Array, true)
#4 C:\xampp\htdocs\dmgt_ci4\app\Controllers\Home.php(34): view('frontend/home')
#5 C:\xampp\htdocs\dmgt_ci4\system\CodeIgniter.php(825): App\Controllers\Home->index()
#6 C:\xampp\htdocs\dmgt_ci4\system\CodeIgniter.php(412): CodeIgniter\CodeIgniter->runController(Object(App\Controllers\Home))
#7 C:\xampp\htdocs\dmgt_ci4\system\CodeIgniter.php(320): CodeIgniter\CodeIgniter->handleRequest(NULL, Object(Config\Cache), false)
#8 C:\xampp\htdocs\dmgt_ci4\index.php(37): CodeIgniter\CodeIgniter->run()
#9 {main}
CRITICAL - 2022-02-06 23:26:15 --> Undefined variable: item
#0 C:\xampp\htdocs\dmgt_ci4\app\Views\frontend\base.php(24): CodeIgniter\Debug\Exceptions->errorHandler(8, 'Undefined varia...', 'C:\\xampp\\htdocs...', 24, Array)
#1 C:\xampp\htdocs\dmgt_ci4\system\View\View.php(210): include('C:\\xampp\\htdocs...')
#2 C:\xampp\htdocs\dmgt_ci4\system\View\View.php(213): CodeIgniter\View\View->CodeIgniter\View\{closure}()
#3 C:\xampp\htdocs\dmgt_ci4\system\View\View.php(226): CodeIgniter\View\View->render('frontend/base', Array, true)
#4 C:\xampp\htdocs\dmgt_ci4\system\Common.php(1089): CodeIgniter\View\View->render('frontend/home', Array, true)
#5 C:\xampp\htdocs\dmgt_ci4\app\Controllers\Home.php(38): view('frontend/home', Array)
#6 C:\xampp\htdocs\dmgt_ci4\system\CodeIgniter.php(825): App\Controllers\Home->index()
#7 C:\xampp\htdocs\dmgt_ci4\system\CodeIgniter.php(412): CodeIgniter\CodeIgniter->runController(Object(App\Controllers\Home))
#8 C:\xampp\htdocs\dmgt_ci4\system\CodeIgniter.php(320): CodeIgniter\CodeIgniter->handleRequest(NULL, Object(Config\Cache), false)
#9 C:\xampp\htdocs\dmgt_ci4\index.php(37): CodeIgniter\CodeIgniter->run()
#10 {main}
CRITICAL - 2022-02-06 23:31:31 --> Undefined index: category_name
#0 C:\xampp\htdocs\dmgt_ci4\app\Views\frontend\base.php(139): CodeIgniter\Debug\Exceptions->errorHandler(8, 'Undefined index...', 'C:\\xampp\\htdocs...', 139, Array)
#1 C:\xampp\htdocs\dmgt_ci4\system\View\View.php(210): include('C:\\xampp\\htdocs...')
#2 C:\xampp\htdocs\dmgt_ci4\system\View\View.php(213): CodeIgniter\View\View->CodeIgniter\View\{closure}()
#3 C:\xampp\htdocs\dmgt_ci4\system\View\View.php(226): CodeIgniter\View\View->render('frontend/base', Array, true)
#4 C:\xampp\htdocs\dmgt_ci4\system\Common.php(1089): CodeIgniter\View\View->render('frontend/home', Array, true)
#5 C:\xampp\htdocs\dmgt_ci4\app\Controllers\Home.php(38): view('frontend/home', Array)
#6 C:\xampp\htdocs\dmgt_ci4\system\CodeIgniter.php(825): App\Controllers\Home->index()
#7 C:\xampp\htdocs\dmgt_ci4\system\CodeIgniter.php(412): CodeIgniter\CodeIgniter->runController(Object(App\Controllers\Home))
#8 C:\xampp\htdocs\dmgt_ci4\system\CodeIgniter.php(320): CodeIgniter\CodeIgniter->handleRequest(NULL, Object(Config\Cache), false)
#9 C:\xampp\htdocs\dmgt_ci4\index.php(37): CodeIgniter\CodeIgniter->run()
#10 {main}
CRITICAL - 2022-02-06 23:31:49 --> Undefined index: category_name
#0 C:\xampp\htdocs\dmgt_ci4\app\Views\frontend\base.php(139): CodeIgniter\Debug\Exceptions->errorHandler(8, 'Undefined index...', 'C:\\xampp\\htdocs...', 139, Array)
#1 C:\xampp\htdocs\dmgt_ci4\system\View\View.php(210): include('C:\\xampp\\htdocs...')
#2 C:\xampp\htdocs\dmgt_ci4\system\View\View.php(213): CodeIgniter\View\View->CodeIgniter\View\{closure}()
#3 C:\xampp\htdocs\dmgt_ci4\system\View\View.php(226): CodeIgniter\View\View->render('frontend/base', Array, true)
#4 C:\xampp\htdocs\dmgt_ci4\system\Common.php(1089): CodeIgniter\View\View->render('frontend/home', Array, true)
#5 C:\xampp\htdocs\dmgt_ci4\app\Controllers\Home.php(38): view('frontend/home', Array)
#6 C:\xampp\htdocs\dmgt_ci4\system\CodeIgniter.php(825): App\Controllers\Home->index()
#7 C:\xampp\htdocs\dmgt_ci4\system\CodeIgniter.php(412): CodeIgniter\CodeIgniter->runController(Object(App\Controllers\Home))
#8 C:\xampp\htdocs\dmgt_ci4\system\CodeIgniter.php(320): CodeIgniter\CodeIgniter->handleRequest(NULL, Object(Config\Cache), false)
#9 C:\xampp\htdocs\dmgt_ci4\index.php(37): CodeIgniter\CodeIgniter->run()
#10 {main}
CRITICAL - 2022-02-06 23:32:11 --> Undefined index: category_name
#0 C:\xampp\htdocs\dmgt_ci4\app\Views\frontend\base.php(139): CodeIgniter\Debug\Exceptions->errorHandler(8, 'Undefined index...', 'C:\\xampp\\htdocs...', 139, Array)
#1 C:\xampp\htdocs\dmgt_ci4\system\View\View.php(210): include('C:\\xampp\\htdocs...')
#2 C:\xampp\htdocs\dmgt_ci4\system\View\View.php(213): CodeIgniter\View\View->CodeIgniter\View\{closure}()
#3 C:\xampp\htdocs\dmgt_ci4\system\View\View.php(226): CodeIgniter\View\View->render('frontend/base', Array, true)
#4 C:\xampp\htdocs\dmgt_ci4\system\Common.php(1089): CodeIgniter\View\View->render('frontend/home', Array, true)
#5 C:\xampp\htdocs\dmgt_ci4\app\Controllers\Home.php(38): view('frontend/home', Array)
#6 C:\xampp\htdocs\dmgt_ci4\system\CodeIgniter.php(825): App\Controllers\Home->index()
#7 C:\xampp\htdocs\dmgt_ci4\system\CodeIgniter.php(412): CodeIgniter\CodeIgniter->runController(Object(App\Controllers\Home))
#8 C:\xampp\htdocs\dmgt_ci4\system\CodeIgniter.php(320): CodeIgniter\CodeIgniter->handleRequest(NULL, Object(Config\Cache), false)
#9 C:\xampp\htdocs\dmgt_ci4\index.php(37): CodeIgniter\CodeIgniter->run()
#10 {main}
CRITICAL - 2022-02-06 23:37:10 --> Undefined variable: category_data
#0 C:\xampp\htdocs\dmgt_ci4\app\Views\frontend\base.php(23): CodeIgniter\Debug\Exceptions->errorHandler(8, 'Undefined varia...', 'C:\\xampp\\htdocs...', 23, Array)
#1 C:\xampp\htdocs\dmgt_ci4\system\View\View.php(210): include('C:\\xampp\\htdocs...')
#2 C:\xampp\htdocs\dmgt_ci4\system\View\View.php(213): CodeIgniter\View\View->CodeIgniter\View\{closure}()
#3 C:\xampp\htdocs\dmgt_ci4\system\View\View.php(226): CodeIgniter\View\View->render('frontend/base', Array, true)
#4 C:\xampp\htdocs\dmgt_ci4\system\Common.php(1089): CodeIgniter\View\View->render('frontend/home', Array, true)
#5 C:\xampp\htdocs\dmgt_ci4\app\Controllers\Home.php(40): view('frontend/home', Array)
#6 C:\xampp\htdocs\dmgt_ci4\system\CodeIgniter.php(825): App\Controllers\Home->index()
#7 C:\xampp\htdocs\dmgt_ci4\system\CodeIgniter.php(412): CodeIgniter\CodeIgniter->runController(Object(App\Controllers\Home))
#8 C:\xampp\htdocs\dmgt_ci4\system\CodeIgniter.php(320): CodeIgniter\CodeIgniter->handleRequest(NULL, Object(Config\Cache), false)
#9 C:\xampp\htdocs\dmgt_ci4\index.php(37): CodeIgniter\CodeIgniter->run()
#10 {main}
CRITICAL - 2022-02-06 23:52:51 --> syntax error, unexpected '=>' (T_DOUBLE_ARROW), expecting '['
#0 C:\xampp\htdocs\dmgt_ci4\system\Autoloader\Autoloader.php(241): CodeIgniter\Autoloader\Autoloader->includeFile('C:\\xampp\\htdocs...')
#1 C:\xampp\htdocs\dmgt_ci4\system\Autoloader\Autoloader.php(219): CodeIgniter\Autoloader\Autoloader->loadInNamespace('App\\Controllers...')
#2 [internal function]: CodeIgniter\Autoloader\Autoloader->loadClass('App\\Controllers...')
#3 [internal function]: spl_autoload_call('App\\Controllers...')
#4 C:\xampp\htdocs\dmgt_ci4\system\CodeIgniter.php(790): class_exists('\\App\\Controller...', true)
#5 C:\xampp\htdocs\dmgt_ci4\system\CodeIgniter.php(399): CodeIgniter\CodeIgniter->startController()
#6 C:\xampp\htdocs\dmgt_ci4\system\CodeIgniter.php(320): CodeIgniter\CodeIgniter->handleRequest(NULL, Object(Config\Cache), false)
#7 C:\xampp\htdocs\dmgt_ci4\index.php(37): CodeIgniter\CodeIgniter->run()
#8 {main}
CRITICAL - 2022-02-06 23:53:12 --> syntax error, unexpected '[', expecting identifier (T_STRING) or variable (T_VARIABLE) or '{' or '$'
#0 C:\xampp\htdocs\dmgt_ci4\system\Autoloader\Autoloader.php(241): CodeIgniter\Autoloader\Autoloader->includeFile('C:\\xampp\\htdocs...')
#1 C:\xampp\htdocs\dmgt_ci4\system\Autoloader\Autoloader.php(219): CodeIgniter\Autoloader\Autoloader->loadInNamespace('App\\Controllers...')
#2 [internal function]: CodeIgniter\Autoloader\Autoloader->loadClass('App\\Controllers...')
#3 [internal function]: spl_autoload_call('App\\Controllers...')
#4 C:\xampp\htdocs\dmgt_ci4\system\CodeIgniter.php(790): class_exists('\\App\\Controller...', true)
#5 C:\xampp\htdocs\dmgt_ci4\system\CodeIgniter.php(399): CodeIgniter\CodeIgniter->startController()
#6 C:\xampp\htdocs\dmgt_ci4\system\CodeIgniter.php(320): CodeIgniter\CodeIgniter->handleRequest(NULL, Object(Config\Cache), false)
#7 C:\xampp\htdocs\dmgt_ci4\index.php(37): CodeIgniter\CodeIgniter->run()
#8 {main}
CRITICAL - 2022-02-06 23:53:29 --> syntax error, unexpected '[', expecting identifier (T_STRING) or variable (T_VARIABLE) or '{' or '$'
#0 C:\xampp\htdocs\dmgt_ci4\system\Autoloader\Autoloader.php(241): CodeIgniter\Autoloader\Autoloader->includeFile('C:\\xampp\\htdocs...')
#1 C:\xampp\htdocs\dmgt_ci4\system\Autoloader\Autoloader.php(219): CodeIgniter\Autoloader\Autoloader->loadInNamespace('App\\Controllers...')
#2 [internal function]: CodeIgniter\Autoloader\Autoloader->loadClass('App\\Controllers...')
#3 [internal function]: spl_autoload_call('App\\Controllers...')
#4 C:\xampp\htdocs\dmgt_ci4\system\CodeIgniter.php(790): class_exists('\\App\\Controller...', true)
#5 C:\xampp\htdocs\dmgt_ci4\system\CodeIgniter.php(399): CodeIgniter\CodeIgniter->startController()
#6 C:\xampp\htdocs\dmgt_ci4\system\CodeIgniter.php(320): CodeIgniter\CodeIgniter->handleRequest(NULL, Object(Config\Cache), false)
#7 C:\xampp\htdocs\dmgt_ci4\index.php(37): CodeIgniter\CodeIgniter->run()
#8 {main}
CRITICAL - 2022-02-06 23:53:42 --> syntax error, unexpected ';', expecting ']'
#0 C:\xampp\htdocs\dmgt_ci4\system\Autoloader\Autoloader.php(241): CodeIgniter\Autoloader\Autoloader->includeFile('C:\\xampp\\htdocs...')
#1 C:\xampp\htdocs\dmgt_ci4\system\Autoloader\Autoloader.php(219): CodeIgniter\Autoloader\Autoloader->loadInNamespace('App\\Controllers...')
#2 [internal function]: CodeIgniter\Autoloader\Autoloader->loadClass('App\\Controllers...')
#3 [internal function]: spl_autoload_call('App\\Controllers...')
#4 C:\xampp\htdocs\dmgt_ci4\system\CodeIgniter.php(790): class_exists('\\App\\Controller...', true)
#5 C:\xampp\htdocs\dmgt_ci4\system\CodeIgniter.php(399): CodeIgniter\CodeIgniter->startController()
#6 C:\xampp\htdocs\dmgt_ci4\system\CodeIgniter.php(320): CodeIgniter\CodeIgniter->handleRequest(NULL, Object(Config\Cache), false)
#7 C:\xampp\htdocs\dmgt_ci4\index.php(37): CodeIgniter\CodeIgniter->run()
#8 {main}
CRITICAL - 2022-02-06 23:53:52 --> syntax error, unexpected ']'
#0 C:\xampp\htdocs\dmgt_ci4\system\Autoloader\Autoloader.php(241): CodeIgniter\Autoloader\Autoloader->includeFile('C:\\xampp\\htdocs...')
#1 C:\xampp\htdocs\dmgt_ci4\system\Autoloader\Autoloader.php(219): CodeIgniter\Autoloader\Autoloader->loadInNamespace('App\\Controllers...')
#2 [internal function]: CodeIgniter\Autoloader\Autoloader->loadClass('App\\Controllers...')
#3 [internal function]: spl_autoload_call('App\\Controllers...')
#4 C:\xampp\htdocs\dmgt_ci4\system\CodeIgniter.php(790): class_exists('\\App\\Controller...', true)
#5 C:\xampp\htdocs\dmgt_ci4\system\CodeIgniter.php(399): CodeIgniter\CodeIgniter->startController()
#6 C:\xampp\htdocs\dmgt_ci4\system\CodeIgniter.php(320): CodeIgniter\CodeIgniter->handleRequest(NULL, Object(Config\Cache), false)
#7 C:\xampp\htdocs\dmgt_ci4\index.php(37): CodeIgniter\CodeIgniter->run()
#8 {main}
CRITICAL - 2022-02-06 23:57:30 --> Undefined index: title
#0 C:\xampp\htdocs\dmgt_ci4\app\Controllers\Home.php(43): CodeIgniter\Debug\Exceptions->errorHandler(8, 'Undefined index...', 'C:\\xampp\\htdocs...', 43, Array)
#1 C:\xampp\htdocs\dmgt_ci4\system\CodeIgniter.php(825): App\Controllers\Home->index()
#2 C:\xampp\htdocs\dmgt_ci4\system\CodeIgniter.php(412): CodeIgniter\CodeIgniter->runController(Object(App\Controllers\Home))
#3 C:\xampp\htdocs\dmgt_ci4\system\CodeIgniter.php(320): CodeIgniter\CodeIgniter->handleRequest(NULL, Object(Config\Cache), false)
#4 C:\xampp\htdocs\dmgt_ci4\index.php(37): CodeIgniter\CodeIgniter->run()
#5 {main}
CRITICAL - 2022-02-06 23:57:40 --> Trying to get property 'product' of non-object
#0 C:\xampp\htdocs\dmgt_ci4\app\Controllers\Home.php(45): CodeIgniter\Debug\Exceptions->errorHandler(8, 'Trying to get p...', 'C:\\xampp\\htdocs...', 45, Array)
#1 C:\xampp\htdocs\dmgt_ci4\system\CodeIgniter.php(825): App\Controllers\Home->index()
#2 C:\xampp\htdocs\dmgt_ci4\system\CodeIgniter.php(412): CodeIgniter\CodeIgniter->runController(Object(App\Controllers\Home))
#3 C:\xampp\htdocs\dmgt_ci4\system\CodeIgniter.php(320): CodeIgniter\CodeIgniter->handleRequest(NULL, Object(Config\Cache), false)
#4 C:\xampp\htdocs\dmgt_ci4\index.php(37): CodeIgniter\CodeIgniter->run()
#5 {main}
CRITICAL - 2022-02-06 23:57:41 --> Trying to get property 'product' of non-object
#0 C:\xampp\htdocs\dmgt_ci4\app\Controllers\Home.php(45): CodeIgniter\Debug\Exceptions->errorHandler(8, 'Trying to get p...', 'C:\\xampp\\htdocs...', 45, Array)
#1 C:\xampp\htdocs\dmgt_ci4\system\CodeIgniter.php(825): App\Controllers\Home->index()
#2 C:\xampp\htdocs\dmgt_ci4\system\CodeIgniter.php(412): CodeIgniter\CodeIgniter->runController(Object(App\Controllers\Home))
#3 C:\xampp\htdocs\dmgt_ci4\system\CodeIgniter.php(320): CodeIgniter\CodeIgniter->handleRequest(NULL, Object(Config\Cache), false)
#4 C:\xampp\htdocs\dmgt_ci4\index.php(37): CodeIgniter\CodeIgniter->run()
#5 {main}
CRITICAL - 2022-02-06 23:57:41 --> Trying to get property 'product' of non-object
#0 C:\xampp\htdocs\dmgt_ci4\app\Controllers\Home.php(45): CodeIgniter\Debug\Exceptions->errorHandler(8, 'Trying to get p...', 'C:\\xampp\\htdocs...', 45, Array)
#1 C:\xampp\htdocs\dmgt_ci4\system\CodeIgniter.php(825): App\Controllers\Home->index()
#2 C:\xampp\htdocs\dmgt_ci4\system\CodeIgniter.php(412): CodeIgniter\CodeIgniter->runController(Object(App\Controllers\Home))
#3 C:\xampp\htdocs\dmgt_ci4\system\CodeIgniter.php(320): CodeIgniter\CodeIgniter->handleRequest(NULL, Object(Config\Cache), false)
#4 C:\xampp\htdocs\dmgt_ci4\index.php(37): CodeIgniter\CodeIgniter->run()
#5 {main}
CRITICAL - 2022-02-06 23:58:15 --> Invalid argument supplied for foreach()
#0 C:\xampp\htdocs\dmgt_ci4\app\Controllers\Home.php(45): CodeIgniter\Debug\Exceptions->errorHandler(2, 'Invalid argumen...', 'C:\\xampp\\htdocs...', 45, Array)
#1 C:\xampp\htdocs\dmgt_ci4\system\CodeIgniter.php(825): App\Controllers\Home->index()
#2 C:\xampp\htdocs\dmgt_ci4\system\CodeIgniter.php(412): CodeIgniter\CodeIgniter->runController(Object(App\Controllers\Home))
#3 C:\xampp\htdocs\dmgt_ci4\system\CodeIgniter.php(320): CodeIgniter\CodeIgniter->handleRequest(NULL, Object(Config\Cache), false)
#4 C:\xampp\htdocs\dmgt_ci4\index.php(37): CodeIgniter\CodeIgniter->run()
#5 {main}
CRITICAL - 2022-02-06 23:59:25 --> Invalid argument supplied for foreach()
#0 C:\xampp\htdocs\dmgt_ci4\app\Controllers\Home.php(46): CodeIgniter\Debug\Exceptions->errorHandler(2, 'Invalid argumen...', 'C:\\xampp\\htdocs...', 46, Array)
#1 C:\xampp\htdocs\dmgt_ci4\system\CodeIgniter.php(825): App\Controllers\Home->index()
#2 C:\xampp\htdocs\dmgt_ci4\system\CodeIgniter.php(412): CodeIgniter\CodeIgniter->runController(Object(App\Controllers\Home))
#3 C:\xampp\htdocs\dmgt_ci4\system\CodeIgniter.php(320): CodeIgniter\CodeIgniter->handleRequest(NULL, Object(Config\Cache), false)
#4 C:\xampp\htdocs\dmgt_ci4\index.php(37): CodeIgniter\CodeIgniter->run()
#5 {main}
CRITICAL - 2022-02-06 23:59:43 --> Invalid argument supplied for foreach()
#0 C:\xampp\htdocs\dmgt_ci4\app\Controllers\Home.php(46): CodeIgniter\Debug\Exceptions->errorHandler(2, 'Invalid argumen...', 'C:\\xampp\\htdocs...', 46, Array)
#1 C:\xampp\htdocs\dmgt_ci4\system\CodeIgniter.php(825): App\Controllers\Home->index()
#2 C:\xampp\htdocs\dmgt_ci4\system\CodeIgniter.php(412): CodeIgniter\CodeIgniter->runController(Object(App\Controllers\Home))
#3 C:\xampp\htdocs\dmgt_ci4\system\CodeIgniter.php(320): CodeIgniter\CodeIgniter->handleRequest(NULL, Object(Config\Cache), false)
#4 C:\xampp\htdocs\dmgt_ci4\index.php(37): CodeIgniter\CodeIgniter->run()
#5 {main}
